#! /usr/bin/vvp
:ivl_version "11.0 (stable)" "(v11_0)";
:ivl_delay_selection "TYPICAL";
:vpi_time_precision + 0;
:vpi_module "/usr/lib/ivl/system.vpi";
:vpi_module "/usr/lib/ivl/vhdl_sys.vpi";
:vpi_module "/usr/lib/ivl/vhdl_textio.vpi";
:vpi_module "/usr/lib/ivl/v2005_math.vpi";
:vpi_module "/usr/lib/ivl/va_math.vpi";
S_0x55da370204c0 .scope module, "adder_tb" "adder_tb" 2 5;
 .timescale 0 0;
P_0x55da370614c0 .param/l "N" 0 2 8, +C4<00000000000000000000000000000010>;
v0x55da3708ed10_0 .net "A", 7 0, v0x55da3708e590_0;  1 drivers
v0x55da3708ee00_0 .net "B", 7 0, v0x55da3708e690_0;  1 drivers
v0x55da3708ef10_0 .net "CLK", 0 0, v0x55da3708e790_0;  1 drivers
v0x55da3708efb0_0 .net "ENB", 0 0, v0x55da3708e860_0;  1 drivers
v0x55da3708f0e0_0 .net "MODO", 1 0, v0x55da3708e900_0;  1 drivers
v0x55da3708f210_0 .net "Q", 7 0, L_0x55da370a03d0;  1 drivers
v0x55da3708f2b0_0 .net "RCI", 0 0, v0x55da3708eac0_0;  1 drivers
v0x55da3708f350_0 .net "RCO", 0 0, L_0x55da370a0540;  1 drivers
S_0x55da37020020 .scope module, "A0" "adder4bn" 2 30, 3 67 0, S_0x55da370204c0;
 .timescale 0 0;
    .port_info 0 /INPUT 1 "CLK";
    .port_info 1 /INPUT 1 "ENB";
    .port_info 2 /INPUT 2 "MODO";
    .port_info 3 /INPUT 1 "RCI";
    .port_info 4 /INPUT 8 "A";
    .port_info 5 /INPUT 8 "B";
    .port_info 6 /OUTPUT 8 "Q";
    .port_info 7 /OUTPUT 1 "RCO";
P_0x55da37057db0 .param/l "N" 0 3 68, +C4<00000000000000000000000000000010>;
L_0x55da370a04d0 .functor BUFZ 1, v0x55da3708eac0_0, C4<0>, C4<0>, C4<0>;
L_0x55da370a0540 .functor BUFZ 1, v0x55da3708cf60_0, C4<0>, C4<0>, C4<0>;
v0x55da3708d860_0 .net "A", 7 0, v0x55da3708e590_0;  alias, 1 drivers
v0x55da3708d940_0 .net "B", 7 0, v0x55da3708e690_0;  alias, 1 drivers
v0x55da3708da30_0 .net "CLK", 0 0, v0x55da3708e790_0;  alias, 1 drivers
v0x55da3708db00_0 .net "ENB", 0 0, v0x55da3708e860_0;  alias, 1 drivers
v0x55da3708dbf0_0 .net "MODO", 1 0, v0x55da3708e900_0;  alias, 1 drivers
v0x55da3708dd30_0 .net "Q", 7 0, L_0x55da370a03d0;  alias, 1 drivers
v0x55da3708ddf0_0 .net "RCI", 0 0, v0x55da3708eac0_0;  alias, 1 drivers
v0x55da3708deb0_0 .net "RCO", 0 0, L_0x55da370a0540;  alias, 1 drivers
v0x55da3708df70 .array "iRC", 0 2;
v0x55da3708df70_0 .net v0x55da3708df70 0, 0 0, L_0x55da370a04d0; 1 drivers
v0x55da3708df70_1 .net v0x55da3708df70 1, 0 0, v0x55da3708bae0_0; 1 drivers
v0x55da3708df70_2 .net v0x55da3708df70 2, 0 0, v0x55da3708cf60_0; 1 drivers
L_0x55da3709f9c0 .part v0x55da3708e590_0, 0, 4;
L_0x55da3709fa60 .part v0x55da3708e690_0, 0, 4;
L_0x55da370a01d0 .part v0x55da3708e590_0, 4, 4;
L_0x55da370a0270 .part v0x55da3708e690_0, 4, 4;
L_0x55da370a03d0 .concat8 [ 4 4 0 0], v0x55da3708b940_0, v0x55da3708ce20_0;
S_0x55da370213a0 .scope generate, "genblk1[0]" "genblk1[0]" 3 95, 3 95 0, S_0x55da37020020;
 .timescale 0 0;
P_0x55da37060da0 .param/l "i" 0 3 95, +C4<00>;
S_0x55da37054410 .scope module, "A0" "adder4b" 3 98, 3 2 0, S_0x55da370213a0;
 .timescale 0 0;
    .port_info 0 /INPUT 1 "CLK";
    .port_info 1 /INPUT 1 "ENB";
    .port_info 2 /INPUT 2 "MODO";
    .port_info 3 /INPUT 4 "A";
    .port_info 4 /INPUT 4 "B";
    .port_info 5 /INPUT 1 "RCI";
    .port_info 6 /OUTPUT 4 "Q";
    .port_info 7 /OUTPUT 1 "RCO";
L_0x55da37057420 .functor AND 1, v0x55da3708e790_0, L_0x55da3709f540, C4<1>, C4<1>;
v0x55da37053b80_0 .net "A", 3 0, L_0x55da3709f9c0;  1 drivers
v0x55da3704f060_0 .net "B", 3 0, L_0x55da3709fa60;  1 drivers
v0x55da3708b6b0_0 .net "CLK", 0 0, v0x55da3708e790_0;  alias, 1 drivers
v0x55da3708b750_0 .net "ENB", 0 0, v0x55da3708e860_0;  alias, 1 drivers
v0x55da3708b810_0 .net "MODO", 1 0, v0x55da3708e900_0;  alias, 1 drivers
v0x55da3708b940_0 .var "Q", 3 0;
v0x55da3708ba20_0 .net "RCI", 0 0, L_0x55da370a04d0;  alias, 1 drivers
v0x55da3708bae0_0 .var "RCO", 0 0;
v0x55da3708bba0_0 .net *"_ivl_1", 31 0, L_0x55da3708f440;  1 drivers
v0x55da3708bc80_0 .net *"_ivl_10", 0 0, L_0x55da37057420;  1 drivers
v0x55da3708bd40_0 .net *"_ivl_13", 31 0, L_0x55da3709f700;  1 drivers
L_0x7f447237f0a8 .functor BUFT 1, C4<0000000000000000000000000000000>, C4<0>, C4<0>, C4<0>;
v0x55da3708be20_0 .net *"_ivl_16", 30 0, L_0x7f447237f0a8;  1 drivers
L_0x7f447237f0f0 .functor BUFT 1, C4<00000000000000000000000000000000>, C4<0>, C4<0>, C4<0>;
v0x55da3708bf00_0 .net/2u *"_ivl_17", 31 0, L_0x7f447237f0f0;  1 drivers
v0x55da3708bfe0_0 .net *"_ivl_19", 0 0, L_0x55da3709f820;  1 drivers
L_0x7f447237f018 .functor BUFT 1, C4<0000000000000000000000000000000>, C4<0>, C4<0>, C4<0>;
v0x55da3708c0a0_0 .net *"_ivl_4", 30 0, L_0x7f447237f018;  1 drivers
L_0x7f447237f060 .functor BUFT 1, C4<00000000000000000000000000000001>, C4<0>, C4<0>, C4<0>;
v0x55da3708c180_0 .net/2u *"_ivl_5", 31 0, L_0x7f447237f060;  1 drivers
v0x55da3708c260_0 .net *"_ivl_7", 0 0, L_0x55da3709f540;  1 drivers
E_0x55da37058190 .event edge, L_0x55da3709f820;
E_0x55da37058c90 .event posedge, L_0x55da37057420;
L_0x55da3708f440 .concat [ 1 31 0 0], v0x55da3708e860_0, L_0x7f447237f018;
L_0x55da3709f540 .cmp/eq 32, L_0x55da3708f440, L_0x7f447237f060;
L_0x55da3709f700 .concat [ 1 31 0 0], v0x55da3708e860_0, L_0x7f447237f0a8;
L_0x55da3709f820 .cmp/eq 32, L_0x55da3709f700, L_0x7f447237f0f0;
S_0x55da3708c420 .scope generate, "genblk1[1]" "genblk1[1]" 3 95, 3 95 0, S_0x55da37020020;
 .timescale 0 0;
P_0x55da3708c5f0 .param/l "i" 0 3 95, +C4<01>;
S_0x55da3708c6b0 .scope module, "A0" "adder4b" 3 98, 3 2 0, S_0x55da3708c420;
 .timescale 0 0;
    .port_info 0 /INPUT 1 "CLK";
    .port_info 1 /INPUT 1 "ENB";
    .port_info 2 /INPUT 2 "MODO";
    .port_info 3 /INPUT 4 "A";
    .port_info 4 /INPUT 4 "B";
    .port_info 5 /INPUT 1 "RCI";
    .port_info 6 /OUTPUT 4 "Q";
    .port_info 7 /OUTPUT 1 "RCO";
L_0x55da3706cbf0 .functor AND 1, v0x55da3708e790_0, L_0x55da3709fca0, C4<1>, C4<1>;
v0x55da3708ca10_0 .net "A", 3 0, L_0x55da370a01d0;  1 drivers
v0x55da3708cb10_0 .net "B", 3 0, L_0x55da370a0270;  1 drivers
v0x55da3708cbf0_0 .net "CLK", 0 0, v0x55da3708e790_0;  alias, 1 drivers
v0x55da3708cc90_0 .net "ENB", 0 0, v0x55da3708e860_0;  alias, 1 drivers
v0x55da3708cd30_0 .net "MODO", 1 0, v0x55da3708e900_0;  alias, 1 drivers
v0x55da3708ce20_0 .var "Q", 3 0;
v0x55da3708cec0_0 .net "RCI", 0 0, v0x55da3708bae0_0;  alias, 1 drivers
v0x55da3708cf60_0 .var "RCO", 0 0;
v0x55da3708d000_0 .net *"_ivl_1", 31 0, L_0x55da3709fb00;  1 drivers
v0x55da3708d0c0_0 .net *"_ivl_10", 0 0, L_0x55da3706cbf0;  1 drivers
v0x55da3708d180_0 .net *"_ivl_13", 31 0, L_0x55da3709fe30;  1 drivers
L_0x7f447237f1c8 .functor BUFT 1, C4<0000000000000000000000000000000>, C4<0>, C4<0>, C4<0>;
v0x55da3708d260_0 .net *"_ivl_16", 30 0, L_0x7f447237f1c8;  1 drivers
L_0x7f447237f210 .functor BUFT 1, C4<00000000000000000000000000000000>, C4<0>, C4<0>, C4<0>;
v0x55da3708d340_0 .net/2u *"_ivl_17", 31 0, L_0x7f447237f210;  1 drivers
v0x55da3708d420_0 .net *"_ivl_19", 0 0, L_0x55da370a0030;  1 drivers
L_0x7f447237f138 .functor BUFT 1, C4<0000000000000000000000000000000>, C4<0>, C4<0>, C4<0>;
v0x55da3708d4e0_0 .net *"_ivl_4", 30 0, L_0x7f447237f138;  1 drivers
L_0x7f447237f180 .functor BUFT 1, C4<00000000000000000000000000000001>, C4<0>, C4<0>, C4<0>;
v0x55da3708d5c0_0 .net/2u *"_ivl_5", 31 0, L_0x7f447237f180;  1 drivers
v0x55da3708d6a0_0 .net *"_ivl_7", 0 0, L_0x55da3709fca0;  1 drivers
E_0x55da37043560 .event edge, L_0x55da370a0030;
E_0x55da3706cd60 .event posedge, L_0x55da3706cbf0;
L_0x55da3709fb00 .concat [ 1 31 0 0], v0x55da3708e860_0, L_0x7f447237f138;
L_0x55da3709fca0 .cmp/eq 32, L_0x55da3709fb00, L_0x7f447237f180;
L_0x55da3709fe30 .concat [ 1 31 0 0], v0x55da3708e860_0, L_0x7f447237f1c8;
L_0x55da370a0030 .cmp/eq 32, L_0x55da3709fe30, L_0x7f447237f210;
S_0x55da3708e140 .scope module, "P0" "tester" 2 42, 4 2 0, S_0x55da370204c0;
 .timescale 0 0;
    .port_info 0 /OUTPUT 1 "CLK";
    .port_info 1 /OUTPUT 1 "ENB";
    .port_info 2 /OUTPUT 2 "MODO";
    .port_info 3 /OUTPUT 8 "A";
    .port_info 4 /OUTPUT 8 "B";
    .port_info 5 /OUTPUT 1 "RCI";
    .port_info 6 /INPUT 8 "Q";
    .port_info 7 /INPUT 1 "RCO";
P_0x55da37054ca0 .param/l "N" 0 4 3, +C4<00000000000000000000000000000010>;
P_0x55da37054ce0 .param/l "h_freq" 0 4 38, +C4<00000000000000000000000000000001>;
v0x55da3708e590_0 .var "A", 7 0;
v0x55da3708e690_0 .var "B", 7 0;
v0x55da3708e790_0 .var "CLK", 0 0;
v0x55da3708e860_0 .var "ENB", 0 0;
v0x55da3708e900_0 .var "MODO", 1 0;
v0x55da3708e9f0_0 .net "Q", 7 0, L_0x55da370a03d0;  alias, 1 drivers
v0x55da3708eac0_0 .var "RCI", 0 0;
v0x55da3708eb90_0 .net "RCO", 0 0, L_0x55da370a0540;  alias, 1 drivers
    .scope S_0x55da37054410;
T_0 ;
    %wait E_0x55da37058c90;
    %load/vec4 v0x55da3708b810_0;
    %dup/vec4;
    %pushi/vec4 0, 0, 2;
    %cmp/u;
    %jmp/1 T_0.0, 6;
    %dup/vec4;
    %pushi/vec4 1, 0, 2;
    %cmp/u;
    %jmp/1 T_0.1, 6;
    %dup/vec4;
    %pushi/vec4 2, 0, 2;
    %cmp/u;
    %jmp/1 T_0.2, 6;
    %dup/vec4;
    %pushi/vec4 3, 0, 2;
    %cmp/u;
    %jmp/1 T_0.3, 6;
    %pushi/vec4 0, 0, 5;
    %split/vec4 4;
    %assign/vec4 v0x55da3708b940_0, 0;
    %assign/vec4 v0x55da3708bae0_0, 0;
    %jmp T_0.5;
T_0.0 ;
    %load/vec4 v0x55da3708bae0_0;
    %load/vec4 v0x55da3708b940_0;
    %concat/vec4; draw_concat_vec4
    %split/vec4 4;
    %assign/vec4 v0x55da3708b940_0, 0;
    %assign/vec4 v0x55da3708bae0_0, 0;
    %jmp T_0.5;
T_0.1 ;
    %load/vec4 v0x55da37053b80_0;
    %pad/u 5;
    %load/vec4 v0x55da3704f060_0;
    %pad/u 5;
    %add;
    %load/vec4 v0x55da3708ba20_0;
    %pad/u 5;
    %add;
    %split/vec4 4;
    %assign/vec4 v0x55da3708b940_0, 0;
    %assign/vec4 v0x55da3708bae0_0, 0;
    %jmp T_0.5;
T_0.2 ;
    %load/vec4 v0x55da37053b80_0;
    %pad/u 5;
    %load/vec4 v0x55da3704f060_0;
    %pad/u 5;
    %sub;
    %load/vec4 v0x55da3708ba20_0;
    %pad/u 5;
    %add;
    %split/vec4 4;
    %assign/vec4 v0x55da3708b940_0, 0;
    %assign/vec4 v0x55da3708bae0_0, 0;
    %jmp T_0.5;
T_0.3 ;
    %pushi/vec4 0, 0, 5;
    %split/vec4 4;
    %assign/vec4 v0x55da3708b940_0, 0;
    %assign/vec4 v0x55da3708bae0_0, 0;
    %jmp T_0.5;
T_0.5 ;
    %pop/vec4 1;
    %jmp T_0;
    .thread T_0;
    .scope S_0x55da37054410;
T_1 ;
    %wait E_0x55da37058190;
    %load/vec4 v0x55da3708b940_0;
    %cmpi/e 15, 15, 4;
    %jmp/0xz  T_1.0, 6;
    %pushi/vec4 0, 0, 4;
    %store/vec4 v0x55da3708b940_0, 0, 4;
    %pushi/vec4 0, 0, 1;
    %store/vec4 v0x55da3708bae0_0, 0, 1;
    %jmp T_1.1;
T_1.0 ;
    %load/vec4 v0x55da3708b940_0;
    %store/vec4 v0x55da3708b940_0, 0, 4;
    %load/vec4 v0x55da3708bae0_0;
    %store/vec4 v0x55da3708bae0_0, 0, 1;
T_1.1 ;
    %jmp T_1;
    .thread T_1, $push;
    .scope S_0x55da3708c6b0;
T_2 ;
    %wait E_0x55da3706cd60;
    %load/vec4 v0x55da3708cd30_0;
    %dup/vec4;
    %pushi/vec4 0, 0, 2;
    %cmp/u;
    %jmp/1 T_2.0, 6;
    %dup/vec4;
    %pushi/vec4 1, 0, 2;
    %cmp/u;
    %jmp/1 T_2.1, 6;
    %dup/vec4;
    %pushi/vec4 2, 0, 2;
    %cmp/u;
    %jmp/1 T_2.2, 6;
    %dup/vec4;
    %pushi/vec4 3, 0, 2;
    %cmp/u;
    %jmp/1 T_2.3, 6;
    %pushi/vec4 0, 0, 5;
    %split/vec4 4;
    %assign/vec4 v0x55da3708ce20_0, 0;
    %assign/vec4 v0x55da3708cf60_0, 0;
    %jmp T_2.5;
T_2.0 ;
    %load/vec4 v0x55da3708cf60_0;
    %load/vec4 v0x55da3708ce20_0;
    %concat/vec4; draw_concat_vec4
    %split/vec4 4;
    %assign/vec4 v0x55da3708ce20_0, 0;
    %assign/vec4 v0x55da3708cf60_0, 0;
    %jmp T_2.5;
T_2.1 ;
    %load/vec4 v0x55da3708ca10_0;
    %pad/u 5;
    %load/vec4 v0x55da3708cb10_0;
    %pad/u 5;
    %add;
    %load/vec4 v0x55da3708cec0_0;
    %pad/u 5;
    %add;
    %split/vec4 4;
    %assign/vec4 v0x55da3708ce20_0, 0;
    %assign/vec4 v0x55da3708cf60_0, 0;
    %jmp T_2.5;
T_2.2 ;
    %load/vec4 v0x55da3708ca10_0;
    %pad/u 5;
    %load/vec4 v0x55da3708cb10_0;
    %pad/u 5;
    %sub;
    %load/vec4 v0x55da3708cec0_0;
    %pad/u 5;
    %add;
    %split/vec4 4;
    %assign/vec4 v0x55da3708ce20_0, 0;
    %assign/vec4 v0x55da3708cf60_0, 0;
    %jmp T_2.5;
T_2.3 ;
    %pushi/vec4 0, 0, 5;
    %split/vec4 4;
    %assign/vec4 v0x55da3708ce20_0, 0;
    %assign/vec4 v0x55da3708cf60_0, 0;
    %jmp T_2.5;
T_2.5 ;
    %pop/vec4 1;
    %jmp T_2;
    .thread T_2;
    .scope S_0x55da3708c6b0;
T_3 ;
    %wait E_0x55da37043560;
    %load/vec4 v0x55da3708ce20_0;
    %cmpi/e 15, 15, 4;
    %jmp/0xz  T_3.0, 6;
    %pushi/vec4 0, 0, 4;
    %store/vec4 v0x55da3708ce20_0, 0, 4;
    %pushi/vec4 0, 0, 1;
    %store/vec4 v0x55da3708cf60_0, 0, 1;
    %jmp T_3.1;
T_3.0 ;
    %load/vec4 v0x55da3708ce20_0;
    %store/vec4 v0x55da3708ce20_0, 0, 4;
    %load/vec4 v0x55da3708cf60_0;
    %store/vec4 v0x55da3708cf60_0, 0, 1;
T_3.1 ;
    %jmp T_3;
    .thread T_3, $push;
    .scope S_0x55da3708e140;
T_4 ;
    %delay 1, 0;
    %load/vec4 v0x55da3708e790_0;
    %nor/r;
    %store/vec4 v0x55da3708e790_0, 0, 1;
    %jmp T_4;
    .thread T_4;
    .scope S_0x55da3708e140;
T_5 ;
    %delay 0, 0;
    %pushi/vec4 0, 0, 1;
    %store/vec4 v0x55da3708e790_0, 0, 1;
    %delay 0, 0;
    %pushi/vec4 0, 0, 1;
    %store/vec4 v0x55da3708e860_0, 0, 1;
    %delay 0, 0;
    %pushi/vec4 0, 0, 2;
    %store/vec4 v0x55da3708e900_0, 0, 2;
    %delay 0, 0;
    %pushi/vec4 0, 0, 8;
    %store/vec4 v0x55da3708e590_0, 0, 8;
    %delay 0, 0;
    %pushi/vec4 0, 0, 8;
    %store/vec4 v0x55da3708e690_0, 0, 8;
    %delay 0, 0;
    %pushi/vec4 0, 0, 1;
    %store/vec4 v0x55da3708eac0_0, 0, 1;
    %delay 5, 0;
    %pushi/vec4 1, 0, 1;
    %store/vec4 v0x55da3708e860_0, 0, 1;
    %delay 25, 0;
    %pushi/vec4 2, 0, 2;
    %store/vec4 v0x55da3708e900_0, 0, 2;
    %delay 0, 0;
    %pushi/vec4 100, 0, 8;
    %store/vec4 v0x55da3708e590_0, 0, 8;
    %delay 0, 0;
    %pushi/vec4 96, 0, 8;
    %store/vec4 v0x55da3708e690_0, 0, 8;
    %delay 25, 0;
    %pushi/vec4 1, 0, 2;
    %store/vec4 v0x55da3708e900_0, 0, 2;
    %delay 0, 0;
    %pushi/vec4 8, 0, 8;
    %store/vec4 v0x55da3708e590_0, 0, 8;
    %delay 0, 0;
    %pushi/vec4 16, 0, 8;
    %store/vec4 v0x55da3708e690_0, 0, 8;
    %delay 25, 0;
    %pushi/vec4 0, 0, 2;
    %store/vec4 v0x55da3708e900_0, 0, 2;
    %delay 0, 0;
    %pushi/vec4 9, 0, 8;
    %store/vec4 v0x55da3708e590_0, 0, 8;
    %delay 0, 0;
    %pushi/vec4 7, 0, 8;
    %store/vec4 v0x55da3708e690_0, 0, 8;
    %delay 25, 0;
    %pushi/vec4 3, 0, 2;
    %store/vec4 v0x55da3708e900_0, 0, 2;
    %delay 0, 0;
    %pushi/vec4 50, 0, 8;
    %store/vec4 v0x55da3708e590_0, 0, 8;
    %delay 0, 0;
    %pushi/vec4 26, 0, 8;
    %store/vec4 v0x55da3708e690_0, 0, 8;
    %delay 25, 0;
    %vpi_call 4 67 "$finish" {0 0 0};
    %end;
    .thread T_5;
    .scope S_0x55da370204c0;
T_6 ;
    %vpi_call 2 20 "$dumpfile", "adder_output.vcd" {0 0 0};
    %vpi_call 2 21 "$dumpvars", 32'sb11111111111111111111111111111111 {0 0 0};
    %vpi_call 2 22 "$monitor", $time, " ", "CLK = %b    ENB = %b    MODO = %b    A = %b    B = %b    RCI = %b", v0x55da3708ef10_0, v0x55da3708efb0_0, v0x55da3708f0e0_0, v0x55da3708ed10_0, v0x55da3708ee00_0, v0x55da3708f2b0_0, " ", "\011Q = %b    RCO = %b", v0x55da3708f210_0, v0x55da3708f350_0 {0 0 0};
    %end;
    .thread T_6;
# The file index is used to find the file name in the following table.
:file_names 5;
    "N/A";
    "<interactive>";
    "testbench.v";
    "./adder.v";
    "./tester.v";
