#! /usr/bin/vvp
:ivl_version "11.0 (stable)" "(v11_0)";
:ivl_delay_selection "TYPICAL";
:vpi_time_precision + 0;
:vpi_module "/usr/lib/ivl/system.vpi";
:vpi_module "/usr/lib/ivl/vhdl_sys.vpi";
:vpi_module "/usr/lib/ivl/vhdl_textio.vpi";
:vpi_module "/usr/lib/ivl/v2005_math.vpi";
:vpi_module "/usr/lib/ivl/va_math.vpi";
S_0x55f4b9a2d4c0 .scope module, "adder_tb" "adder_tb" 2 5;
 .timescale 0 0;
P_0x55f4b9a6e4c0 .param/l "N" 0 2 8, +C4<00000000000000000000000000001000>;
v0x55f4b9ac6760_0 .net "A", 31 0, v0x55f4b9ac60a0_0;  1 drivers
v0x55f4b9ac6850_0 .net "B", 31 0, v0x55f4b9ac6140_0;  1 drivers
v0x55f4b9ac6960_0 .net "CLK", 0 0, v0x55f4b9ac61e0_0;  1 drivers
v0x55f4b9ac6a00_0 .net "ENB", 0 0, v0x55f4b9ac62b0_0;  1 drivers
v0x55f4b9ac6aa0_0 .net "MODO", 1 0, v0x55f4b9ac6350_0;  1 drivers
v0x55f4b9ac6b90_0 .net "Q", 31 0, L_0x55f4b9adac70;  1 drivers
v0x55f4b9ac6c80_0 .net "RCI", 0 0, v0x55f4b9ac6510_0;  1 drivers
v0x55f4b9ac6d70_0 .net "RCO", 0 0, L_0x55f4b9adafa0;  1 drivers
S_0x55f4b9a2d020 .scope module, "A0" "adder4bn" 2 30, 3 67 0, S_0x55f4b9a2d4c0;
 .timescale 0 0;
    .port_info 0 /INPUT 1 "CLK";
    .port_info 1 /INPUT 1 "ENB";
    .port_info 2 /INPUT 2 "MODO";
    .port_info 3 /INPUT 1 "RCI";
    .port_info 4 /INPUT 32 "A";
    .port_info 5 /INPUT 32 "B";
    .port_info 6 /OUTPUT 32 "Q";
    .port_info 7 /OUTPUT 1 "RCO";
P_0x55f4b9a64db0 .param/l "N" 0 3 68, +C4<00000000000000000000000000001000>;
L_0x55f4b9adaee0 .functor BUFZ 1, v0x55f4b9ac6510_0, C4<0>, C4<0>, C4<0>;
L_0x55f4b9adafa0 .functor BUFZ 1, v0x55f4b9ac4520_0, C4<0>, C4<0>, C4<0>;
v0x55f4b9ac4f50_0 .net "A", 31 0, v0x55f4b9ac60a0_0;  alias, 1 drivers
v0x55f4b9ac5060_0 .net "B", 31 0, v0x55f4b9ac6140_0;  alias, 1 drivers
v0x55f4b9ac5150_0 .net "CLK", 0 0, v0x55f4b9ac61e0_0;  alias, 1 drivers
v0x55f4b9ac5330_0 .net "ENB", 0 0, v0x55f4b9ac62b0_0;  alias, 1 drivers
v0x55f4b9ac54e0_0 .net "MODO", 1 0, v0x55f4b9ac6350_0;  alias, 1 drivers
v0x55f4b9ac5690_0 .net "Q", 31 0, L_0x55f4b9adac70;  alias, 1 drivers
v0x55f4b9ac5750_0 .net "RCI", 0 0, v0x55f4b9ac6510_0;  alias, 1 drivers
v0x55f4b9ac5810_0 .net "RCO", 0 0, L_0x55f4b9adafa0;  alias, 1 drivers
v0x55f4b9ac58d0 .array "iRC", 0 8;
v0x55f4b9ac58d0_0 .net v0x55f4b9ac58d0 0, 0 0, L_0x55f4b9adaee0; 1 drivers
v0x55f4b9ac58d0_1 .net v0x55f4b9ac58d0 1, 0 0, v0x55f4b9abb300_0; 1 drivers
v0x55f4b9ac58d0_2 .net v0x55f4b9ac58d0 2, 0 0, v0x55f4b9abc4b0_0; 1 drivers
v0x55f4b9ac58d0_3 .net v0x55f4b9ac58d0 3, 0 0, v0x55f4b9abd710_0; 1 drivers
v0x55f4b9ac58d0_4 .net v0x55f4b9ac58d0 4, 0 0, v0x55f4b9abebb0_0; 1 drivers
v0x55f4b9ac58d0_5 .net v0x55f4b9ac58d0 5, 0 0, v0x55f4b9ac0270_0; 1 drivers
v0x55f4b9ac58d0_6 .net v0x55f4b9ac58d0 6, 0 0, v0x55f4b9ac1890_0; 1 drivers
v0x55f4b9ac58d0_7 .net v0x55f4b9ac58d0 7, 0 0, v0x55f4b9ac2ec0_0; 1 drivers
v0x55f4b9ac58d0_8 .net v0x55f4b9ac58d0 8, 0 0, v0x55f4b9ac4520_0; 1 drivers
L_0x55f4b9ad73e0 .part v0x55f4b9ac60a0_0, 0, 4;
L_0x55f4b9ad7480 .part v0x55f4b9ac6140_0, 0, 4;
L_0x55f4b9ad7ae0 .part v0x55f4b9ac60a0_0, 4, 4;
L_0x55f4b9ad7b80 .part v0x55f4b9ac6140_0, 4, 4;
L_0x55f4b9ad8200 .part v0x55f4b9ac60a0_0, 8, 4;
L_0x55f4b9ad82a0 .part v0x55f4b9ac6140_0, 8, 4;
L_0x55f4b9ad8960 .part v0x55f4b9ac60a0_0, 12, 4;
L_0x55f4b9ad8a00 .part v0x55f4b9ac6140_0, 12, 4;
L_0x55f4b9ad9100 .part v0x55f4b9ac60a0_0, 16, 4;
L_0x55f4b9ad91a0 .part v0x55f4b9ac6140_0, 16, 4;
L_0x55f4b9ad9a70 .part v0x55f4b9ac60a0_0, 20, 4;
L_0x55f4b9ad9b10 .part v0x55f4b9ac6140_0, 20, 4;
L_0x55f4b9ada340 .part v0x55f4b9ac60a0_0, 24, 4;
L_0x55f4b9ada3e0 .part v0x55f4b9ac6140_0, 24, 4;
L_0x55f4b9adaaa0 .part v0x55f4b9ac60a0_0, 28, 4;
L_0x55f4b9adab40 .part v0x55f4b9ac6140_0, 28, 4;
LS_0x55f4b9adac70_0_0 .concat8 [ 4 4 4 4], v0x55f4b9a7ed00_0, v0x55f4b9abc370_0, v0x55f4b9abd590_0, v0x55f4b9abea30_0;
LS_0x55f4b9adac70_0_4 .concat8 [ 4 4 4 4], v0x55f4b9ac00f0_0, v0x55f4b9ac1710_0, v0x55f4b9ac2d40_0, v0x55f4b9ac43a0_0;
L_0x55f4b9adac70 .concat8 [ 16 16 0 0], LS_0x55f4b9adac70_0_0, LS_0x55f4b9adac70_0_4;
S_0x55f4b9a2e3a0 .scope generate, "genblk1[0]" "genblk1[0]" 3 95, 3 95 0, S_0x55f4b9a2d020;
 .timescale 0 0;
P_0x55f4b9a87fa0 .param/l "i" 0 3 95, +C4<00>;
S_0x55f4b9a9a560 .scope module, "A0" "adder4b" 3 98, 3 2 0, S_0x55f4b9a2e3a0;
 .timescale 0 0;
    .port_info 0 /INPUT 1 "CLK";
    .port_info 1 /INPUT 1 "ENB";
    .port_info 2 /INPUT 2 "MODO";
    .port_info 3 /INPUT 4 "A";
    .port_info 4 /INPUT 4 "B";
    .port_info 5 /INPUT 1 "RCI";
    .port_info 6 /OUTPUT 4 "Q";
    .port_info 7 /OUTPUT 1 "RCO";
L_0x55f4b9a9e940 .functor AND 1, v0x55f4b9ac61e0_0, L_0x55f4b9ad6f60, C4<1>, C4<1>;
v0x55f4b9a963b0_0 .net "A", 3 0, L_0x55f4b9ad73e0;  1 drivers
v0x55f4b9a918c0_0 .net "B", 3 0, L_0x55f4b9ad7480;  1 drivers
v0x55f4b9a8cdd0_0 .net "CLK", 0 0, v0x55f4b9ac61e0_0;  alias, 1 drivers
v0x55f4b9a882e0_0 .net "ENB", 0 0, v0x55f4b9ac62b0_0;  alias, 1 drivers
v0x55f4b9a837f0_0 .net "MODO", 1 0, v0x55f4b9ac6350_0;  alias, 1 drivers
v0x55f4b9a7ed00_0 .var "Q", 3 0;
v0x55f4b9a7a1e0_0 .net "RCI", 0 0, L_0x55f4b9adaee0;  alias, 1 drivers
v0x55f4b9abb300_0 .var "RCO", 0 0;
v0x55f4b9abb3c0_0 .net *"_ivl_1", 31 0, L_0x55f4b9ac6e60;  1 drivers
v0x55f4b9abb4a0_0 .net *"_ivl_10", 0 0, L_0x55f4b9a9e940;  1 drivers
v0x55f4b9abb560_0 .net *"_ivl_13", 31 0, L_0x55f4b9ad7120;  1 drivers
L_0x7f38f88680a8 .functor BUFT 1, C4<0000000000000000000000000000000>, C4<0>, C4<0>, C4<0>;
v0x55f4b9abb640_0 .net *"_ivl_16", 30 0, L_0x7f38f88680a8;  1 drivers
L_0x7f38f88680f0 .functor BUFT 1, C4<00000000000000000000000000000000>, C4<0>, C4<0>, C4<0>;
v0x55f4b9abb720_0 .net/2u *"_ivl_17", 31 0, L_0x7f38f88680f0;  1 drivers
v0x55f4b9abb800_0 .net *"_ivl_19", 0 0, L_0x55f4b9ad7240;  1 drivers
L_0x7f38f8868018 .functor BUFT 1, C4<0000000000000000000000000000000>, C4<0>, C4<0>, C4<0>;
v0x55f4b9abb8c0_0 .net *"_ivl_4", 30 0, L_0x7f38f8868018;  1 drivers
L_0x7f38f8868060 .functor BUFT 1, C4<00000000000000000000000000000001>, C4<0>, C4<0>, C4<0>;
v0x55f4b9abb9a0_0 .net/2u *"_ivl_5", 31 0, L_0x7f38f8868060;  1 drivers
v0x55f4b9abba80_0 .net *"_ivl_7", 0 0, L_0x55f4b9ad6f60;  1 drivers
E_0x55f4b9a65190 .event edge, L_0x55f4b9ad7240;
E_0x55f4b9a65c90 .event posedge, L_0x55f4b9a9e940;
L_0x55f4b9ac6e60 .concat [ 1 31 0 0], v0x55f4b9ac62b0_0, L_0x7f38f8868018;
L_0x55f4b9ad6f60 .cmp/eq 32, L_0x55f4b9ac6e60, L_0x7f38f8868060;
L_0x55f4b9ad7120 .concat [ 1 31 0 0], v0x55f4b9ac62b0_0, L_0x7f38f88680a8;
L_0x55f4b9ad7240 .cmp/eq 32, L_0x55f4b9ad7120, L_0x7f38f88680f0;
S_0x55f4b9a82eb0 .scope generate, "genblk1[1]" "genblk1[1]" 3 95, 3 95 0, S_0x55f4b9a2d020;
 .timescale 0 0;
P_0x55f4b9abbcd0 .param/l "i" 0 3 95, +C4<01>;
S_0x55f4b9a879a0 .scope module, "A0" "adder4b" 3 98, 3 2 0, S_0x55f4b9a82eb0;
 .timescale 0 0;
    .port_info 0 /INPUT 1 "CLK";
    .port_info 1 /INPUT 1 "ENB";
    .port_info 2 /INPUT 2 "MODO";
    .port_info 3 /INPUT 4 "A";
    .port_info 4 /INPUT 4 "B";
    .port_info 5 /INPUT 1 "RCI";
    .port_info 6 /OUTPUT 4 "Q";
    .port_info 7 /OUTPUT 1 "RCO";
L_0x55f4b9a9f4d0 .functor AND 1, v0x55f4b9ac61e0_0, L_0x55f4b9ad76c0, C4<1>, C4<1>;
v0x55f4b9abbf60_0 .net "A", 3 0, L_0x55f4b9ad7ae0;  1 drivers
v0x55f4b9abc060_0 .net "B", 3 0, L_0x55f4b9ad7b80;  1 drivers
v0x55f4b9abc140_0 .net "CLK", 0 0, v0x55f4b9ac61e0_0;  alias, 1 drivers
v0x55f4b9abc1e0_0 .net "ENB", 0 0, v0x55f4b9ac62b0_0;  alias, 1 drivers
v0x55f4b9abc280_0 .net "MODO", 1 0, v0x55f4b9ac6350_0;  alias, 1 drivers
v0x55f4b9abc370_0 .var "Q", 3 0;
v0x55f4b9abc410_0 .net "RCI", 0 0, v0x55f4b9abb300_0;  alias, 1 drivers
v0x55f4b9abc4b0_0 .var "RCO", 0 0;
v0x55f4b9abc550_0 .net *"_ivl_1", 31 0, L_0x55f4b9ad7520;  1 drivers
v0x55f4b9abc610_0 .net *"_ivl_10", 0 0, L_0x55f4b9a9f4d0;  1 drivers
v0x55f4b9abc6d0_0 .net *"_ivl_13", 31 0, L_0x55f4b9ad7850;  1 drivers
L_0x7f38f88681c8 .functor BUFT 1, C4<0000000000000000000000000000000>, C4<0>, C4<0>, C4<0>;
v0x55f4b9abc7b0_0 .net *"_ivl_16", 30 0, L_0x7f38f88681c8;  1 drivers
L_0x7f38f8868210 .functor BUFT 1, C4<00000000000000000000000000000000>, C4<0>, C4<0>, C4<0>;
v0x55f4b9abc890_0 .net/2u *"_ivl_17", 31 0, L_0x7f38f8868210;  1 drivers
v0x55f4b9abc970_0 .net *"_ivl_19", 0 0, L_0x55f4b9ad7940;  1 drivers
L_0x7f38f8868138 .functor BUFT 1, C4<0000000000000000000000000000000>, C4<0>, C4<0>, C4<0>;
v0x55f4b9abca30_0 .net *"_ivl_4", 30 0, L_0x7f38f8868138;  1 drivers
L_0x7f38f8868180 .functor BUFT 1, C4<00000000000000000000000000000001>, C4<0>, C4<0>, C4<0>;
v0x55f4b9abcb10_0 .net/2u *"_ivl_5", 31 0, L_0x7f38f8868180;  1 drivers
v0x55f4b9abcbf0_0 .net *"_ivl_7", 0 0, L_0x55f4b9ad76c0;  1 drivers
E_0x55f4b9a50560 .event edge, L_0x55f4b9ad7940;
E_0x55f4b9a9f640 .event posedge, L_0x55f4b9a9f4d0;
L_0x55f4b9ad7520 .concat [ 1 31 0 0], v0x55f4b9ac62b0_0, L_0x7f38f8868138;
L_0x55f4b9ad76c0 .cmp/eq 32, L_0x55f4b9ad7520, L_0x7f38f8868180;
L_0x55f4b9ad7850 .concat [ 1 31 0 0], v0x55f4b9ac62b0_0, L_0x7f38f88681c8;
L_0x55f4b9ad7940 .cmp/eq 32, L_0x55f4b9ad7850, L_0x7f38f8868210;
S_0x55f4b9a8c490 .scope generate, "genblk1[2]" "genblk1[2]" 3 95, 3 95 0, S_0x55f4b9a2d020;
 .timescale 0 0;
P_0x55f4b9abcdd0 .param/l "i" 0 3 95, +C4<010>;
S_0x55f4b9a90f80 .scope module, "A0" "adder4b" 3 98, 3 2 0, S_0x55f4b9a8c490;
 .timescale 0 0;
    .port_info 0 /INPUT 1 "CLK";
    .port_info 1 /INPUT 1 "ENB";
    .port_info 2 /INPUT 2 "MODO";
    .port_info 3 /INPUT 4 "A";
    .port_info 4 /INPUT 4 "B";
    .port_info 5 /INPUT 1 "RCI";
    .port_info 6 /OUTPUT 4 "Q";
    .port_info 7 /OUTPUT 1 "RCO";
L_0x55f4b9ad7eb0 .functor AND 1, v0x55f4b9ac61e0_0, L_0x55f4b9ad7de0, C4<1>, C4<1>;
v0x55f4b9abd060_0 .net "A", 3 0, L_0x55f4b9ad8200;  1 drivers
v0x55f4b9abd160_0 .net "B", 3 0, L_0x55f4b9ad82a0;  1 drivers
v0x55f4b9abd240_0 .net "CLK", 0 0, v0x55f4b9ac61e0_0;  alias, 1 drivers
v0x55f4b9abd360_0 .net "ENB", 0 0, v0x55f4b9ac62b0_0;  alias, 1 drivers
v0x55f4b9abd450_0 .net "MODO", 1 0, v0x55f4b9ac6350_0;  alias, 1 drivers
v0x55f4b9abd590_0 .var "Q", 3 0;
v0x55f4b9abd670_0 .net "RCI", 0 0, v0x55f4b9abc4b0_0;  alias, 1 drivers
v0x55f4b9abd710_0 .var "RCO", 0 0;
v0x55f4b9abd7b0_0 .net *"_ivl_1", 31 0, L_0x55f4b9ad7c50;  1 drivers
v0x55f4b9abd890_0 .net *"_ivl_10", 0 0, L_0x55f4b9ad7eb0;  1 drivers
v0x55f4b9abd950_0 .net *"_ivl_13", 31 0, L_0x55f4b9ad7f70;  1 drivers
L_0x7f38f88682e8 .functor BUFT 1, C4<0000000000000000000000000000000>, C4<0>, C4<0>, C4<0>;
v0x55f4b9abda30_0 .net *"_ivl_16", 30 0, L_0x7f38f88682e8;  1 drivers
L_0x7f38f8868330 .functor BUFT 1, C4<00000000000000000000000000000000>, C4<0>, C4<0>, C4<0>;
v0x55f4b9abdb10_0 .net/2u *"_ivl_17", 31 0, L_0x7f38f8868330;  1 drivers
v0x55f4b9abdbf0_0 .net *"_ivl_19", 0 0, L_0x55f4b9ad8060;  1 drivers
L_0x7f38f8868258 .functor BUFT 1, C4<0000000000000000000000000000000>, C4<0>, C4<0>, C4<0>;
v0x55f4b9abdcb0_0 .net *"_ivl_4", 30 0, L_0x7f38f8868258;  1 drivers
L_0x7f38f88682a0 .functor BUFT 1, C4<00000000000000000000000000000001>, C4<0>, C4<0>, C4<0>;
v0x55f4b9abdd90_0 .net/2u *"_ivl_5", 31 0, L_0x7f38f88682a0;  1 drivers
v0x55f4b9abde70_0 .net *"_ivl_7", 0 0, L_0x55f4b9ad7de0;  1 drivers
E_0x55f4b9a9f680 .event edge, L_0x55f4b9ad8060;
E_0x55f4b9a9fc90 .event posedge, L_0x55f4b9ad7eb0;
L_0x55f4b9ad7c50 .concat [ 1 31 0 0], v0x55f4b9ac62b0_0, L_0x7f38f8868258;
L_0x55f4b9ad7de0 .cmp/eq 32, L_0x55f4b9ad7c50, L_0x7f38f88682a0;
L_0x55f4b9ad7f70 .concat [ 1 31 0 0], v0x55f4b9ac62b0_0, L_0x7f38f88682e8;
L_0x55f4b9ad8060 .cmp/eq 32, L_0x55f4b9ad7f70, L_0x7f38f8868330;
S_0x55f4b9a95a70 .scope generate, "genblk1[3]" "genblk1[3]" 3 95, 3 95 0, S_0x55f4b9a2d020;
 .timescale 0 0;
P_0x55f4b9abe160 .param/l "i" 0 3 95, +C4<011>;
S_0x55f4b9abe240 .scope module, "A0" "adder4b" 3 98, 3 2 0, S_0x55f4b9a95a70;
 .timescale 0 0;
    .port_info 0 /INPUT 1 "CLK";
    .port_info 1 /INPUT 1 "ENB";
    .port_info 2 /INPUT 2 "MODO";
    .port_info 3 /INPUT 4 "A";
    .port_info 4 /INPUT 4 "B";
    .port_info 5 /INPUT 1 "RCI";
    .port_info 6 /OUTPUT 4 "Q";
    .port_info 7 /OUTPUT 1 "RCO";
L_0x55f4b9ad8610 .functor AND 1, v0x55f4b9ac61e0_0, L_0x55f4b9ad84a0, C4<1>, C4<1>;
v0x55f4b9abe620_0 .net "A", 3 0, L_0x55f4b9ad8960;  1 drivers
v0x55f4b9abe720_0 .net "B", 3 0, L_0x55f4b9ad8a00;  1 drivers
v0x55f4b9abe800_0 .net "CLK", 0 0, v0x55f4b9ac61e0_0;  alias, 1 drivers
v0x55f4b9abe8a0_0 .net "ENB", 0 0, v0x55f4b9ac62b0_0;  alias, 1 drivers
v0x55f4b9abe940_0 .net "MODO", 1 0, v0x55f4b9ac6350_0;  alias, 1 drivers
v0x55f4b9abea30_0 .var "Q", 3 0;
v0x55f4b9abeb10_0 .net "RCI", 0 0, v0x55f4b9abd710_0;  alias, 1 drivers
v0x55f4b9abebb0_0 .var "RCO", 0 0;
v0x55f4b9abec50_0 .net *"_ivl_1", 31 0, L_0x55f4b9ad8380;  1 drivers
v0x55f4b9abed30_0 .net *"_ivl_10", 0 0, L_0x55f4b9ad8610;  1 drivers
v0x55f4b9abedf0_0 .net *"_ivl_13", 31 0, L_0x55f4b9ad86d0;  1 drivers
L_0x7f38f8868408 .functor BUFT 1, C4<0000000000000000000000000000000>, C4<0>, C4<0>, C4<0>;
v0x55f4b9abeed0_0 .net *"_ivl_16", 30 0, L_0x7f38f8868408;  1 drivers
L_0x7f38f8868450 .functor BUFT 1, C4<00000000000000000000000000000000>, C4<0>, C4<0>, C4<0>;
v0x55f4b9abefb0_0 .net/2u *"_ivl_17", 31 0, L_0x7f38f8868450;  1 drivers
v0x55f4b9abf090_0 .net *"_ivl_19", 0 0, L_0x55f4b9ad87c0;  1 drivers
L_0x7f38f8868378 .functor BUFT 1, C4<0000000000000000000000000000000>, C4<0>, C4<0>, C4<0>;
v0x55f4b9abf150_0 .net *"_ivl_4", 30 0, L_0x7f38f8868378;  1 drivers
L_0x7f38f88683c0 .functor BUFT 1, C4<00000000000000000000000000000001>, C4<0>, C4<0>, C4<0>;
v0x55f4b9abf230_0 .net/2u *"_ivl_5", 31 0, L_0x7f38f88683c0;  1 drivers
v0x55f4b9abf310_0 .net *"_ivl_7", 0 0, L_0x55f4b9ad84a0;  1 drivers
E_0x55f4b9abe540 .event edge, L_0x55f4b9ad87c0;
E_0x55f4b9abe5c0 .event posedge, L_0x55f4b9ad8610;
L_0x55f4b9ad8380 .concat [ 1 31 0 0], v0x55f4b9ac62b0_0, L_0x7f38f8868378;
L_0x55f4b9ad84a0 .cmp/eq 32, L_0x55f4b9ad8380, L_0x7f38f88683c0;
L_0x55f4b9ad86d0 .concat [ 1 31 0 0], v0x55f4b9ac62b0_0, L_0x7f38f8868408;
L_0x55f4b9ad87c0 .cmp/eq 32, L_0x55f4b9ad86d0, L_0x7f38f8868450;
S_0x55f4b9abf5e0 .scope generate, "genblk1[4]" "genblk1[4]" 3 95, 3 95 0, S_0x55f4b9a2d020;
 .timescale 0 0;
P_0x55f4b9abf7e0 .param/l "i" 0 3 95, +C4<0100>;
S_0x55f4b9abf8c0 .scope module, "A0" "adder4b" 3 98, 3 2 0, S_0x55f4b9abf5e0;
 .timescale 0 0;
    .port_info 0 /INPUT 1 "CLK";
    .port_info 1 /INPUT 1 "ENB";
    .port_info 2 /INPUT 2 "MODO";
    .port_info 3 /INPUT 4 "A";
    .port_info 4 /INPUT 4 "B";
    .port_info 5 /INPUT 1 "RCI";
    .port_info 6 /OUTPUT 4 "Q";
    .port_info 7 /OUTPUT 1 "RCO";
L_0x55f4b9ad8db0 .functor AND 1, v0x55f4b9ac61e0_0, L_0x55f4b9ad8c40, C4<1>, C4<1>;
v0x55f4b9abfca0_0 .net "A", 3 0, L_0x55f4b9ad9100;  1 drivers
v0x55f4b9abfda0_0 .net "B", 3 0, L_0x55f4b9ad91a0;  1 drivers
v0x55f4b9abfe80_0 .net "CLK", 0 0, v0x55f4b9ac61e0_0;  alias, 1 drivers
v0x55f4b9abff20_0 .net "ENB", 0 0, v0x55f4b9ac62b0_0;  alias, 1 drivers
v0x55f4b9abffc0_0 .net "MODO", 1 0, v0x55f4b9ac6350_0;  alias, 1 drivers
v0x55f4b9ac00f0_0 .var "Q", 3 0;
v0x55f4b9ac01d0_0 .net "RCI", 0 0, v0x55f4b9abebb0_0;  alias, 1 drivers
v0x55f4b9ac0270_0 .var "RCO", 0 0;
v0x55f4b9ac0310_0 .net *"_ivl_1", 31 0, L_0x55f4b9ad8af0;  1 drivers
v0x55f4b9ac0480_0 .net *"_ivl_10", 0 0, L_0x55f4b9ad8db0;  1 drivers
v0x55f4b9ac0540_0 .net *"_ivl_13", 31 0, L_0x55f4b9ad8e70;  1 drivers
L_0x7f38f8868528 .functor BUFT 1, C4<0000000000000000000000000000000>, C4<0>, C4<0>, C4<0>;
v0x55f4b9ac0620_0 .net *"_ivl_16", 30 0, L_0x7f38f8868528;  1 drivers
L_0x7f38f8868570 .functor BUFT 1, C4<00000000000000000000000000000000>, C4<0>, C4<0>, C4<0>;
v0x55f4b9ac0700_0 .net/2u *"_ivl_17", 31 0, L_0x7f38f8868570;  1 drivers
v0x55f4b9ac07e0_0 .net *"_ivl_19", 0 0, L_0x55f4b9ad8f60;  1 drivers
L_0x7f38f8868498 .functor BUFT 1, C4<0000000000000000000000000000000>, C4<0>, C4<0>, C4<0>;
v0x55f4b9ac08a0_0 .net *"_ivl_4", 30 0, L_0x7f38f8868498;  1 drivers
L_0x7f38f88684e0 .functor BUFT 1, C4<00000000000000000000000000000001>, C4<0>, C4<0>, C4<0>;
v0x55f4b9ac0980_0 .net/2u *"_ivl_5", 31 0, L_0x7f38f88684e0;  1 drivers
v0x55f4b9ac0a60_0 .net *"_ivl_7", 0 0, L_0x55f4b9ad8c40;  1 drivers
E_0x55f4b9abfbc0 .event edge, L_0x55f4b9ad8f60;
E_0x55f4b9abfc40 .event posedge, L_0x55f4b9ad8db0;
L_0x55f4b9ad8af0 .concat [ 1 31 0 0], v0x55f4b9ac62b0_0, L_0x7f38f8868498;
L_0x55f4b9ad8c40 .cmp/eq 32, L_0x55f4b9ad8af0, L_0x7f38f88684e0;
L_0x55f4b9ad8e70 .concat [ 1 31 0 0], v0x55f4b9ac62b0_0, L_0x7f38f8868528;
L_0x55f4b9ad8f60 .cmp/eq 32, L_0x55f4b9ad8e70, L_0x7f38f8868570;
S_0x55f4b9ac0d30 .scope generate, "genblk1[5]" "genblk1[5]" 3 95, 3 95 0, S_0x55f4b9a2d020;
 .timescale 0 0;
P_0x55f4b9abd540 .param/l "i" 0 3 95, +C4<0101>;
S_0x55f4b9ac0f70 .scope module, "A0" "adder4b" 3 98, 3 2 0, S_0x55f4b9ac0d30;
 .timescale 0 0;
    .port_info 0 /INPUT 1 "CLK";
    .port_info 1 /INPUT 1 "ENB";
    .port_info 2 /INPUT 2 "MODO";
    .port_info 3 /INPUT 4 "A";
    .port_info 4 /INPUT 4 "B";
    .port_info 5 /INPUT 1 "RCI";
    .port_info 6 /OUTPUT 4 "Q";
    .port_info 7 /OUTPUT 1 "RCO";
L_0x55f4b9ad9510 .functor AND 1, v0x55f4b9ac61e0_0, L_0x55f4b9ad93a0, C4<1>, C4<1>;
v0x55f4b9ac1300_0 .net "A", 3 0, L_0x55f4b9ad9a70;  1 drivers
v0x55f4b9ac1400_0 .net "B", 3 0, L_0x55f4b9ad9b10;  1 drivers
v0x55f4b9ac14e0_0 .net "CLK", 0 0, v0x55f4b9ac61e0_0;  alias, 1 drivers
v0x55f4b9ac1580_0 .net "ENB", 0 0, v0x55f4b9ac62b0_0;  alias, 1 drivers
v0x55f4b9ac1620_0 .net "MODO", 1 0, v0x55f4b9ac6350_0;  alias, 1 drivers
v0x55f4b9ac1710_0 .var "Q", 3 0;
v0x55f4b9ac17f0_0 .net "RCI", 0 0, v0x55f4b9ac0270_0;  alias, 1 drivers
v0x55f4b9ac1890_0 .var "RCO", 0 0;
v0x55f4b9ac1930_0 .net *"_ivl_1", 31 0, L_0x55f4b9ad92a0;  1 drivers
v0x55f4b9ac1a10_0 .net *"_ivl_10", 0 0, L_0x55f4b9ad9510;  1 drivers
v0x55f4b9ac1ad0_0 .net *"_ivl_13", 31 0, L_0x55f4b9ad97e0;  1 drivers
L_0x7f38f8868648 .functor BUFT 1, C4<0000000000000000000000000000000>, C4<0>, C4<0>, C4<0>;
v0x55f4b9ac1bb0_0 .net *"_ivl_16", 30 0, L_0x7f38f8868648;  1 drivers
L_0x7f38f8868690 .functor BUFT 1, C4<00000000000000000000000000000000>, C4<0>, C4<0>, C4<0>;
v0x55f4b9ac1c90_0 .net/2u *"_ivl_17", 31 0, L_0x7f38f8868690;  1 drivers
v0x55f4b9ac1d70_0 .net *"_ivl_19", 0 0, L_0x55f4b9ad98d0;  1 drivers
L_0x7f38f88685b8 .functor BUFT 1, C4<0000000000000000000000000000000>, C4<0>, C4<0>, C4<0>;
v0x55f4b9ac1e30_0 .net *"_ivl_4", 30 0, L_0x7f38f88685b8;  1 drivers
L_0x7f38f8868600 .functor BUFT 1, C4<00000000000000000000000000000001>, C4<0>, C4<0>, C4<0>;
v0x55f4b9ac1f10_0 .net/2u *"_ivl_5", 31 0, L_0x7f38f8868600;  1 drivers
v0x55f4b9ac1ff0_0 .net *"_ivl_7", 0 0, L_0x55f4b9ad93a0;  1 drivers
E_0x55f4b9ac1220 .event edge, L_0x55f4b9ad98d0;
E_0x55f4b9ac12a0 .event posedge, L_0x55f4b9ad9510;
L_0x55f4b9ad92a0 .concat [ 1 31 0 0], v0x55f4b9ac62b0_0, L_0x7f38f88685b8;
L_0x55f4b9ad93a0 .cmp/eq 32, L_0x55f4b9ad92a0, L_0x7f38f8868600;
L_0x55f4b9ad97e0 .concat [ 1 31 0 0], v0x55f4b9ac62b0_0, L_0x7f38f8868648;
L_0x55f4b9ad98d0 .cmp/eq 32, L_0x55f4b9ad97e0, L_0x7f38f8868690;
S_0x55f4b9ac22c0 .scope generate, "genblk1[6]" "genblk1[6]" 3 95, 3 95 0, S_0x55f4b9a2d020;
 .timescale 0 0;
P_0x55f4b9ac2470 .param/l "i" 0 3 95, +C4<0110>;
S_0x55f4b9ac2550 .scope module, "A0" "adder4b" 3 98, 3 2 0, S_0x55f4b9ac22c0;
 .timescale 0 0;
    .port_info 0 /INPUT 1 "CLK";
    .port_info 1 /INPUT 1 "ENB";
    .port_info 2 /INPUT 2 "MODO";
    .port_info 3 /INPUT 4 "A";
    .port_info 4 /INPUT 4 "B";
    .port_info 5 /INPUT 1 "RCI";
    .port_info 6 /OUTPUT 4 "Q";
    .port_info 7 /OUTPUT 1 "RCO";
L_0x55f4b9ad9ff0 .functor AND 1, v0x55f4b9ac61e0_0, L_0x55f4b9ad9e80, C4<1>, C4<1>;
v0x55f4b9ac2930_0 .net "A", 3 0, L_0x55f4b9ada340;  1 drivers
v0x55f4b9ac2a30_0 .net "B", 3 0, L_0x55f4b9ada3e0;  1 drivers
v0x55f4b9ac2b10_0 .net "CLK", 0 0, v0x55f4b9ac61e0_0;  alias, 1 drivers
v0x55f4b9ac2bb0_0 .net "ENB", 0 0, v0x55f4b9ac62b0_0;  alias, 1 drivers
v0x55f4b9ac2c50_0 .net "MODO", 1 0, v0x55f4b9ac6350_0;  alias, 1 drivers
v0x55f4b9ac2d40_0 .var "Q", 3 0;
v0x55f4b9ac2e20_0 .net "RCI", 0 0, v0x55f4b9ac1890_0;  alias, 1 drivers
v0x55f4b9ac2ec0_0 .var "RCO", 0 0;
v0x55f4b9ac2f60_0 .net *"_ivl_1", 31 0, L_0x55f4b9ad9d30;  1 drivers
v0x55f4b9ac3040_0 .net *"_ivl_10", 0 0, L_0x55f4b9ad9ff0;  1 drivers
v0x55f4b9ac3100_0 .net *"_ivl_13", 31 0, L_0x55f4b9ada0b0;  1 drivers
L_0x7f38f8868768 .functor BUFT 1, C4<0000000000000000000000000000000>, C4<0>, C4<0>, C4<0>;
v0x55f4b9ac31e0_0 .net *"_ivl_16", 30 0, L_0x7f38f8868768;  1 drivers
L_0x7f38f88687b0 .functor BUFT 1, C4<00000000000000000000000000000000>, C4<0>, C4<0>, C4<0>;
v0x55f4b9ac32c0_0 .net/2u *"_ivl_17", 31 0, L_0x7f38f88687b0;  1 drivers
v0x55f4b9ac33a0_0 .net *"_ivl_19", 0 0, L_0x55f4b9ada1a0;  1 drivers
L_0x7f38f88686d8 .functor BUFT 1, C4<0000000000000000000000000000000>, C4<0>, C4<0>, C4<0>;
v0x55f4b9ac3460_0 .net *"_ivl_4", 30 0, L_0x7f38f88686d8;  1 drivers
L_0x7f38f8868720 .functor BUFT 1, C4<00000000000000000000000000000001>, C4<0>, C4<0>, C4<0>;
v0x55f4b9ac3540_0 .net/2u *"_ivl_5", 31 0, L_0x7f38f8868720;  1 drivers
v0x55f4b9ac3620_0 .net *"_ivl_7", 0 0, L_0x55f4b9ad9e80;  1 drivers
E_0x55f4b9ac2850 .event edge, L_0x55f4b9ada1a0;
E_0x55f4b9ac28d0 .event posedge, L_0x55f4b9ad9ff0;
L_0x55f4b9ad9d30 .concat [ 1 31 0 0], v0x55f4b9ac62b0_0, L_0x7f38f88686d8;
L_0x55f4b9ad9e80 .cmp/eq 32, L_0x55f4b9ad9d30, L_0x7f38f8868720;
L_0x55f4b9ada0b0 .concat [ 1 31 0 0], v0x55f4b9ac62b0_0, L_0x7f38f8868768;
L_0x55f4b9ada1a0 .cmp/eq 32, L_0x55f4b9ada0b0, L_0x7f38f88687b0;
S_0x55f4b9ac38f0 .scope generate, "genblk1[7]" "genblk1[7]" 3 95, 3 95 0, S_0x55f4b9a2d020;
 .timescale 0 0;
P_0x55f4b9ac3aa0 .param/l "i" 0 3 95, +C4<0111>;
S_0x55f4b9ac3b80 .scope module, "A0" "adder4b" 3 98, 3 2 0, S_0x55f4b9ac38f0;
 .timescale 0 0;
    .port_info 0 /INPUT 1 "CLK";
    .port_info 1 /INPUT 1 "ENB";
    .port_info 2 /INPUT 2 "MODO";
    .port_info 3 /INPUT 4 "A";
    .port_info 4 /INPUT 4 "B";
    .port_info 5 /INPUT 1 "RCI";
    .port_info 6 /OUTPUT 4 "Q";
    .port_info 7 /OUTPUT 1 "RCO";
L_0x55f4b9ad9cc0 .functor AND 1, v0x55f4b9ac61e0_0, L_0x55f4b9ada650, C4<1>, C4<1>;
v0x55f4b9ac3f60_0 .net "A", 3 0, L_0x55f4b9adaaa0;  1 drivers
v0x55f4b9ac4060_0 .net "B", 3 0, L_0x55f4b9adab40;  1 drivers
v0x55f4b9ac4140_0 .net "CLK", 0 0, v0x55f4b9ac61e0_0;  alias, 1 drivers
v0x55f4b9ac4210_0 .net "ENB", 0 0, v0x55f4b9ac62b0_0;  alias, 1 drivers
v0x55f4b9ac42b0_0 .net "MODO", 1 0, v0x55f4b9ac6350_0;  alias, 1 drivers
v0x55f4b9ac43a0_0 .var "Q", 3 0;
v0x55f4b9ac4480_0 .net "RCI", 0 0, v0x55f4b9ac2ec0_0;  alias, 1 drivers
v0x55f4b9ac4520_0 .var "RCO", 0 0;
v0x55f4b9ac45c0_0 .net *"_ivl_1", 31 0, L_0x55f4b9ada500;  1 drivers
v0x55f4b9ac46a0_0 .net *"_ivl_10", 0 0, L_0x55f4b9ad9cc0;  1 drivers
v0x55f4b9ac4760_0 .net *"_ivl_13", 31 0, L_0x55f4b9ada810;  1 drivers
L_0x7f38f8868888 .functor BUFT 1, C4<0000000000000000000000000000000>, C4<0>, C4<0>, C4<0>;
v0x55f4b9ac4840_0 .net *"_ivl_16", 30 0, L_0x7f38f8868888;  1 drivers
L_0x7f38f88688d0 .functor BUFT 1, C4<00000000000000000000000000000000>, C4<0>, C4<0>, C4<0>;
v0x55f4b9ac4920_0 .net/2u *"_ivl_17", 31 0, L_0x7f38f88688d0;  1 drivers
v0x55f4b9ac4a00_0 .net *"_ivl_19", 0 0, L_0x55f4b9ada900;  1 drivers
L_0x7f38f88687f8 .functor BUFT 1, C4<0000000000000000000000000000000>, C4<0>, C4<0>, C4<0>;
v0x55f4b9ac4ac0_0 .net *"_ivl_4", 30 0, L_0x7f38f88687f8;  1 drivers
L_0x7f38f8868840 .functor BUFT 1, C4<00000000000000000000000000000001>, C4<0>, C4<0>, C4<0>;
v0x55f4b9ac4ba0_0 .net/2u *"_ivl_5", 31 0, L_0x7f38f8868840;  1 drivers
v0x55f4b9ac4c80_0 .net *"_ivl_7", 0 0, L_0x55f4b9ada650;  1 drivers
E_0x55f4b9ac3e80 .event edge, L_0x55f4b9ada900;
E_0x55f4b9ac3f00 .event posedge, L_0x55f4b9ad9cc0;
L_0x55f4b9ada500 .concat [ 1 31 0 0], v0x55f4b9ac62b0_0, L_0x7f38f88687f8;
L_0x55f4b9ada650 .cmp/eq 32, L_0x55f4b9ada500, L_0x7f38f8868840;
L_0x55f4b9ada810 .concat [ 1 31 0 0], v0x55f4b9ac62b0_0, L_0x7f38f8868888;
L_0x55f4b9ada900 .cmp/eq 32, L_0x55f4b9ada810, L_0x7f38f88688d0;
S_0x55f4b9ac5ce0 .scope module, "P0" "tester" 2 42, 4 2 0, S_0x55f4b9a2d4c0;
 .timescale 0 0;
    .port_info 0 /OUTPUT 1 "CLK";
    .port_info 1 /OUTPUT 1 "ENB";
    .port_info 2 /OUTPUT 2 "MODO";
    .port_info 3 /OUTPUT 32 "A";
    .port_info 4 /OUTPUT 32 "B";
    .port_info 5 /OUTPUT 1 "RCI";
    .port_info 6 /INPUT 32 "Q";
    .port_info 7 /INPUT 1 "RCO";
P_0x55f4b9a9df40 .param/l "N" 0 4 3, +C4<00000000000000000000000000001000>;
P_0x55f4b9a9df80 .param/l "h_freq" 0 4 38, +C4<00000000000000000000000000000001>;
v0x55f4b9ac60a0_0 .var "A", 31 0;
v0x55f4b9ac6140_0 .var "B", 31 0;
v0x55f4b9ac61e0_0 .var "CLK", 0 0;
v0x55f4b9ac62b0_0 .var "ENB", 0 0;
v0x55f4b9ac6350_0 .var "MODO", 1 0;
v0x55f4b9ac6440_0 .net "Q", 31 0, L_0x55f4b9adac70;  alias, 1 drivers
v0x55f4b9ac6510_0 .var "RCI", 0 0;
v0x55f4b9ac65e0_0 .net "RCO", 0 0, L_0x55f4b9adafa0;  alias, 1 drivers
    .scope S_0x55f4b9a9a560;
T_0 ;
    %wait E_0x55f4b9a65c90;
    %load/vec4 v0x55f4b9a837f0_0;
    %dup/vec4;
    %pushi/vec4 0, 0, 2;
    %cmp/u;
    %jmp/1 T_0.0, 6;
    %dup/vec4;
    %pushi/vec4 1, 0, 2;
    %cmp/u;
    %jmp/1 T_0.1, 6;
    %dup/vec4;
    %pushi/vec4 2, 0, 2;
    %cmp/u;
    %jmp/1 T_0.2, 6;
    %dup/vec4;
    %pushi/vec4 3, 0, 2;
    %cmp/u;
    %jmp/1 T_0.3, 6;
    %pushi/vec4 0, 0, 5;
    %split/vec4 4;
    %assign/vec4 v0x55f4b9a7ed00_0, 0;
    %assign/vec4 v0x55f4b9abb300_0, 0;
    %jmp T_0.5;
T_0.0 ;
    %load/vec4 v0x55f4b9abb300_0;
    %load/vec4 v0x55f4b9a7ed00_0;
    %concat/vec4; draw_concat_vec4
    %split/vec4 4;
    %assign/vec4 v0x55f4b9a7ed00_0, 0;
    %assign/vec4 v0x55f4b9abb300_0, 0;
    %jmp T_0.5;
T_0.1 ;
    %load/vec4 v0x55f4b9a963b0_0;
    %pad/u 5;
    %load/vec4 v0x55f4b9a918c0_0;
    %pad/u 5;
    %add;
    %load/vec4 v0x55f4b9a7a1e0_0;
    %pad/u 5;
    %add;
    %split/vec4 4;
    %assign/vec4 v0x55f4b9a7ed00_0, 0;
    %assign/vec4 v0x55f4b9abb300_0, 0;
    %jmp T_0.5;
T_0.2 ;
    %load/vec4 v0x55f4b9a963b0_0;
    %pad/u 5;
    %load/vec4 v0x55f4b9a918c0_0;
    %pad/u 5;
    %sub;
    %load/vec4 v0x55f4b9a7a1e0_0;
    %pad/u 5;
    %add;
    %split/vec4 4;
    %assign/vec4 v0x55f4b9a7ed00_0, 0;
    %assign/vec4 v0x55f4b9abb300_0, 0;
    %jmp T_0.5;
T_0.3 ;
    %pushi/vec4 0, 0, 5;
    %split/vec4 4;
    %assign/vec4 v0x55f4b9a7ed00_0, 0;
    %assign/vec4 v0x55f4b9abb300_0, 0;
    %jmp T_0.5;
T_0.5 ;
    %pop/vec4 1;
    %jmp T_0;
    .thread T_0;
    .scope S_0x55f4b9a9a560;
T_1 ;
    %wait E_0x55f4b9a65190;
    %load/vec4 v0x55f4b9a7ed00_0;
    %cmpi/e 15, 15, 4;
    %jmp/0xz  T_1.0, 6;
    %pushi/vec4 0, 0, 4;
    %store/vec4 v0x55f4b9a7ed00_0, 0, 4;
    %pushi/vec4 0, 0, 1;
    %store/vec4 v0x55f4b9abb300_0, 0, 1;
    %jmp T_1.1;
T_1.0 ;
    %load/vec4 v0x55f4b9a7ed00_0;
    %store/vec4 v0x55f4b9a7ed00_0, 0, 4;
    %load/vec4 v0x55f4b9abb300_0;
    %store/vec4 v0x55f4b9abb300_0, 0, 1;
T_1.1 ;
    %jmp T_1;
    .thread T_1, $push;
    .scope S_0x55f4b9a879a0;
T_2 ;
    %wait E_0x55f4b9a9f640;
    %load/vec4 v0x55f4b9abc280_0;
    %dup/vec4;
    %pushi/vec4 0, 0, 2;
    %cmp/u;
    %jmp/1 T_2.0, 6;
    %dup/vec4;
    %pushi/vec4 1, 0, 2;
    %cmp/u;
    %jmp/1 T_2.1, 6;
    %dup/vec4;
    %pushi/vec4 2, 0, 2;
    %cmp/u;
    %jmp/1 T_2.2, 6;
    %dup/vec4;
    %pushi/vec4 3, 0, 2;
    %cmp/u;
    %jmp/1 T_2.3, 6;
    %pushi/vec4 0, 0, 5;
    %split/vec4 4;
    %assign/vec4 v0x55f4b9abc370_0, 0;
    %assign/vec4 v0x55f4b9abc4b0_0, 0;
    %jmp T_2.5;
T_2.0 ;
    %load/vec4 v0x55f4b9abc4b0_0;
    %load/vec4 v0x55f4b9abc370_0;
    %concat/vec4; draw_concat_vec4
    %split/vec4 4;
    %assign/vec4 v0x55f4b9abc370_0, 0;
    %assign/vec4 v0x55f4b9abc4b0_0, 0;
    %jmp T_2.5;
T_2.1 ;
    %load/vec4 v0x55f4b9abbf60_0;
    %pad/u 5;
    %load/vec4 v0x55f4b9abc060_0;
    %pad/u 5;
    %add;
    %load/vec4 v0x55f4b9abc410_0;
    %pad/u 5;
    %add;
    %split/vec4 4;
    %assign/vec4 v0x55f4b9abc370_0, 0;
    %assign/vec4 v0x55f4b9abc4b0_0, 0;
    %jmp T_2.5;
T_2.2 ;
    %load/vec4 v0x55f4b9abbf60_0;
    %pad/u 5;
    %load/vec4 v0x55f4b9abc060_0;
    %pad/u 5;
    %sub;
    %load/vec4 v0x55f4b9abc410_0;
    %pad/u 5;
    %add;
    %split/vec4 4;
    %assign/vec4 v0x55f4b9abc370_0, 0;
    %assign/vec4 v0x55f4b9abc4b0_0, 0;
    %jmp T_2.5;
T_2.3 ;
    %pushi/vec4 0, 0, 5;
    %split/vec4 4;
    %assign/vec4 v0x55f4b9abc370_0, 0;
    %assign/vec4 v0x55f4b9abc4b0_0, 0;
    %jmp T_2.5;
T_2.5 ;
    %pop/vec4 1;
    %jmp T_2;
    .thread T_2;
    .scope S_0x55f4b9a879a0;
T_3 ;
    %wait E_0x55f4b9a50560;
    %load/vec4 v0x55f4b9abc370_0;
    %cmpi/e 15, 15, 4;
    %jmp/0xz  T_3.0, 6;
    %pushi/vec4 0, 0, 4;
    %store/vec4 v0x55f4b9abc370_0, 0, 4;
    %pushi/vec4 0, 0, 1;
    %store/vec4 v0x55f4b9abc4b0_0, 0, 1;
    %jmp T_3.1;
T_3.0 ;
    %load/vec4 v0x55f4b9abc370_0;
    %store/vec4 v0x55f4b9abc370_0, 0, 4;
    %load/vec4 v0x55f4b9abc4b0_0;
    %store/vec4 v0x55f4b9abc4b0_0, 0, 1;
T_3.1 ;
    %jmp T_3;
    .thread T_3, $push;
    .scope S_0x55f4b9a90f80;
T_4 ;
    %wait E_0x55f4b9a9fc90;
    %load/vec4 v0x55f4b9abd450_0;
    %dup/vec4;
    %pushi/vec4 0, 0, 2;
    %cmp/u;
    %jmp/1 T_4.0, 6;
    %dup/vec4;
    %pushi/vec4 1, 0, 2;
    %cmp/u;
    %jmp/1 T_4.1, 6;
    %dup/vec4;
    %pushi/vec4 2, 0, 2;
    %cmp/u;
    %jmp/1 T_4.2, 6;
    %dup/vec4;
    %pushi/vec4 3, 0, 2;
    %cmp/u;
    %jmp/1 T_4.3, 6;
    %pushi/vec4 0, 0, 5;
    %split/vec4 4;
    %assign/vec4 v0x55f4b9abd590_0, 0;
    %assign/vec4 v0x55f4b9abd710_0, 0;
    %jmp T_4.5;
T_4.0 ;
    %load/vec4 v0x55f4b9abd710_0;
    %load/vec4 v0x55f4b9abd590_0;
    %concat/vec4; draw_concat_vec4
    %split/vec4 4;
    %assign/vec4 v0x55f4b9abd590_0, 0;
    %assign/vec4 v0x55f4b9abd710_0, 0;
    %jmp T_4.5;
T_4.1 ;
    %load/vec4 v0x55f4b9abd060_0;
    %pad/u 5;
    %load/vec4 v0x55f4b9abd160_0;
    %pad/u 5;
    %add;
    %load/vec4 v0x55f4b9abd670_0;
    %pad/u 5;
    %add;
    %split/vec4 4;
    %assign/vec4 v0x55f4b9abd590_0, 0;
    %assign/vec4 v0x55f4b9abd710_0, 0;
    %jmp T_4.5;
T_4.2 ;
    %load/vec4 v0x55f4b9abd060_0;
    %pad/u 5;
    %load/vec4 v0x55f4b9abd160_0;
    %pad/u 5;
    %sub;
    %load/vec4 v0x55f4b9abd670_0;
    %pad/u 5;
    %add;
    %split/vec4 4;
    %assign/vec4 v0x55f4b9abd590_0, 0;
    %assign/vec4 v0x55f4b9abd710_0, 0;
    %jmp T_4.5;
T_4.3 ;
    %pushi/vec4 0, 0, 5;
    %split/vec4 4;
    %assign/vec4 v0x55f4b9abd590_0, 0;
    %assign/vec4 v0x55f4b9abd710_0, 0;
    %jmp T_4.5;
T_4.5 ;
    %pop/vec4 1;
    %jmp T_4;
    .thread T_4;
    .scope S_0x55f4b9a90f80;
T_5 ;
    %wait E_0x55f4b9a9f680;
    %load/vec4 v0x55f4b9abd590_0;
    %cmpi/e 15, 15, 4;
    %jmp/0xz  T_5.0, 6;
    %pushi/vec4 0, 0, 4;
    %store/vec4 v0x55f4b9abd590_0, 0, 4;
    %pushi/vec4 0, 0, 1;
    %store/vec4 v0x55f4b9abd710_0, 0, 1;
    %jmp T_5.1;
T_5.0 ;
    %load/vec4 v0x55f4b9abd590_0;
    %store/vec4 v0x55f4b9abd590_0, 0, 4;
    %load/vec4 v0x55f4b9abd710_0;
    %store/vec4 v0x55f4b9abd710_0, 0, 1;
T_5.1 ;
    %jmp T_5;
    .thread T_5, $push;
    .scope S_0x55f4b9abe240;
T_6 ;
    %wait E_0x55f4b9abe5c0;
    %load/vec4 v0x55f4b9abe940_0;
    %dup/vec4;
    %pushi/vec4 0, 0, 2;
    %cmp/u;
    %jmp/1 T_6.0, 6;
    %dup/vec4;
    %pushi/vec4 1, 0, 2;
    %cmp/u;
    %jmp/1 T_6.1, 6;
    %dup/vec4;
    %pushi/vec4 2, 0, 2;
    %cmp/u;
    %jmp/1 T_6.2, 6;
    %dup/vec4;
    %pushi/vec4 3, 0, 2;
    %cmp/u;
    %jmp/1 T_6.3, 6;
    %pushi/vec4 0, 0, 5;
    %split/vec4 4;
    %assign/vec4 v0x55f4b9abea30_0, 0;
    %assign/vec4 v0x55f4b9abebb0_0, 0;
    %jmp T_6.5;
T_6.0 ;
    %load/vec4 v0x55f4b9abebb0_0;
    %load/vec4 v0x55f4b9abea30_0;
    %concat/vec4; draw_concat_vec4
    %split/vec4 4;
    %assign/vec4 v0x55f4b9abea30_0, 0;
    %assign/vec4 v0x55f4b9abebb0_0, 0;
    %jmp T_6.5;
T_6.1 ;
    %load/vec4 v0x55f4b9abe620_0;
    %pad/u 5;
    %load/vec4 v0x55f4b9abe720_0;
    %pad/u 5;
    %add;
    %load/vec4 v0x55f4b9abeb10_0;
    %pad/u 5;
    %add;
    %split/vec4 4;
    %assign/vec4 v0x55f4b9abea30_0, 0;
    %assign/vec4 v0x55f4b9abebb0_0, 0;
    %jmp T_6.5;
T_6.2 ;
    %load/vec4 v0x55f4b9abe620_0;
    %pad/u 5;
    %load/vec4 v0x55f4b9abe720_0;
    %pad/u 5;
    %sub;
    %load/vec4 v0x55f4b9abeb10_0;
    %pad/u 5;
    %add;
    %split/vec4 4;
    %assign/vec4 v0x55f4b9abea30_0, 0;
    %assign/vec4 v0x55f4b9abebb0_0, 0;
    %jmp T_6.5;
T_6.3 ;
    %pushi/vec4 0, 0, 5;
    %split/vec4 4;
    %assign/vec4 v0x55f4b9abea30_0, 0;
    %assign/vec4 v0x55f4b9abebb0_0, 0;
    %jmp T_6.5;
T_6.5 ;
    %pop/vec4 1;
    %jmp T_6;
    .thread T_6;
    .scope S_0x55f4b9abe240;
T_7 ;
    %wait E_0x55f4b9abe540;
    %load/vec4 v0x55f4b9abea30_0;
    %cmpi/e 15, 15, 4;
    %jmp/0xz  T_7.0, 6;
    %pushi/vec4 0, 0, 4;
    %store/vec4 v0x55f4b9abea30_0, 0, 4;
    %pushi/vec4 0, 0, 1;
    %store/vec4 v0x55f4b9abebb0_0, 0, 1;
    %jmp T_7.1;
T_7.0 ;
    %load/vec4 v0x55f4b9abea30_0;
    %store/vec4 v0x55f4b9abea30_0, 0, 4;
    %load/vec4 v0x55f4b9abebb0_0;
    %store/vec4 v0x55f4b9abebb0_0, 0, 1;
T_7.1 ;
    %jmp T_7;
    .thread T_7, $push;
    .scope S_0x55f4b9abf8c0;
T_8 ;
    %wait E_0x55f4b9abfc40;
    %load/vec4 v0x55f4b9abffc0_0;
    %dup/vec4;
    %pushi/vec4 0, 0, 2;
    %cmp/u;
    %jmp/1 T_8.0, 6;
    %dup/vec4;
    %pushi/vec4 1, 0, 2;
    %cmp/u;
    %jmp/1 T_8.1, 6;
    %dup/vec4;
    %pushi/vec4 2, 0, 2;
    %cmp/u;
    %jmp/1 T_8.2, 6;
    %dup/vec4;
    %pushi/vec4 3, 0, 2;
    %cmp/u;
    %jmp/1 T_8.3, 6;
    %pushi/vec4 0, 0, 5;
    %split/vec4 4;
    %assign/vec4 v0x55f4b9ac00f0_0, 0;
    %assign/vec4 v0x55f4b9ac0270_0, 0;
    %jmp T_8.5;
T_8.0 ;
    %load/vec4 v0x55f4b9ac0270_0;
    %load/vec4 v0x55f4b9ac00f0_0;
    %concat/vec4; draw_concat_vec4
    %split/vec4 4;
    %assign/vec4 v0x55f4b9ac00f0_0, 0;
    %assign/vec4 v0x55f4b9ac0270_0, 0;
    %jmp T_8.5;
T_8.1 ;
    %load/vec4 v0x55f4b9abfca0_0;
    %pad/u 5;
    %load/vec4 v0x55f4b9abfda0_0;
    %pad/u 5;
    %add;
    %load/vec4 v0x55f4b9ac01d0_0;
    %pad/u 5;
    %add;
    %split/vec4 4;
    %assign/vec4 v0x55f4b9ac00f0_0, 0;
    %assign/vec4 v0x55f4b9ac0270_0, 0;
    %jmp T_8.5;
T_8.2 ;
    %load/vec4 v0x55f4b9abfca0_0;
    %pad/u 5;
    %load/vec4 v0x55f4b9abfda0_0;
    %pad/u 5;
    %sub;
    %load/vec4 v0x55f4b9ac01d0_0;
    %pad/u 5;
    %add;
    %split/vec4 4;
    %assign/vec4 v0x55f4b9ac00f0_0, 0;
    %assign/vec4 v0x55f4b9ac0270_0, 0;
    %jmp T_8.5;
T_8.3 ;
    %pushi/vec4 0, 0, 5;
    %split/vec4 4;
    %assign/vec4 v0x55f4b9ac00f0_0, 0;
    %assign/vec4 v0x55f4b9ac0270_0, 0;
    %jmp T_8.5;
T_8.5 ;
    %pop/vec4 1;
    %jmp T_8;
    .thread T_8;
    .scope S_0x55f4b9abf8c0;
T_9 ;
    %wait E_0x55f4b9abfbc0;
    %load/vec4 v0x55f4b9ac00f0_0;
    %cmpi/e 15, 15, 4;
    %jmp/0xz  T_9.0, 6;
    %pushi/vec4 0, 0, 4;
    %store/vec4 v0x55f4b9ac00f0_0, 0, 4;
    %pushi/vec4 0, 0, 1;
    %store/vec4 v0x55f4b9ac0270_0, 0, 1;
    %jmp T_9.1;
T_9.0 ;
    %load/vec4 v0x55f4b9ac00f0_0;
    %store/vec4 v0x55f4b9ac00f0_0, 0, 4;
    %load/vec4 v0x55f4b9ac0270_0;
    %store/vec4 v0x55f4b9ac0270_0, 0, 1;
T_9.1 ;
    %jmp T_9;
    .thread T_9, $push;
    .scope S_0x55f4b9ac0f70;
T_10 ;
    %wait E_0x55f4b9ac12a0;
    %load/vec4 v0x55f4b9ac1620_0;
    %dup/vec4;
    %pushi/vec4 0, 0, 2;
    %cmp/u;
    %jmp/1 T_10.0, 6;
    %dup/vec4;
    %pushi/vec4 1, 0, 2;
    %cmp/u;
    %jmp/1 T_10.1, 6;
    %dup/vec4;
    %pushi/vec4 2, 0, 2;
    %cmp/u;
    %jmp/1 T_10.2, 6;
    %dup/vec4;
    %pushi/vec4 3, 0, 2;
    %cmp/u;
    %jmp/1 T_10.3, 6;
    %pushi/vec4 0, 0, 5;
    %split/vec4 4;
    %assign/vec4 v0x55f4b9ac1710_0, 0;
    %assign/vec4 v0x55f4b9ac1890_0, 0;
    %jmp T_10.5;
T_10.0 ;
    %load/vec4 v0x55f4b9ac1890_0;
    %load/vec4 v0x55f4b9ac1710_0;
    %concat/vec4; draw_concat_vec4
    %split/vec4 4;
    %assign/vec4 v0x55f4b9ac1710_0, 0;
    %assign/vec4 v0x55f4b9ac1890_0, 0;
    %jmp T_10.5;
T_10.1 ;
    %load/vec4 v0x55f4b9ac1300_0;
    %pad/u 5;
    %load/vec4 v0x55f4b9ac1400_0;
    %pad/u 5;
    %add;
    %load/vec4 v0x55f4b9ac17f0_0;
    %pad/u 5;
    %add;
    %split/vec4 4;
    %assign/vec4 v0x55f4b9ac1710_0, 0;
    %assign/vec4 v0x55f4b9ac1890_0, 0;
    %jmp T_10.5;
T_10.2 ;
    %load/vec4 v0x55f4b9ac1300_0;
    %pad/u 5;
    %load/vec4 v0x55f4b9ac1400_0;
    %pad/u 5;
    %sub;
    %load/vec4 v0x55f4b9ac17f0_0;
    %pad/u 5;
    %add;
    %split/vec4 4;
    %assign/vec4 v0x55f4b9ac1710_0, 0;
    %assign/vec4 v0x55f4b9ac1890_0, 0;
    %jmp T_10.5;
T_10.3 ;
    %pushi/vec4 0, 0, 5;
    %split/vec4 4;
    %assign/vec4 v0x55f4b9ac1710_0, 0;
    %assign/vec4 v0x55f4b9ac1890_0, 0;
    %jmp T_10.5;
T_10.5 ;
    %pop/vec4 1;
    %jmp T_10;
    .thread T_10;
    .scope S_0x55f4b9ac0f70;
T_11 ;
    %wait E_0x55f4b9ac1220;
    %load/vec4 v0x55f4b9ac1710_0;
    %cmpi/e 15, 15, 4;
    %jmp/0xz  T_11.0, 6;
    %pushi/vec4 0, 0, 4;
    %store/vec4 v0x55f4b9ac1710_0, 0, 4;
    %pushi/vec4 0, 0, 1;
    %store/vec4 v0x55f4b9ac1890_0, 0, 1;
    %jmp T_11.1;
T_11.0 ;
    %load/vec4 v0x55f4b9ac1710_0;
    %store/vec4 v0x55f4b9ac1710_0, 0, 4;
    %load/vec4 v0x55f4b9ac1890_0;
    %store/vec4 v0x55f4b9ac1890_0, 0, 1;
T_11.1 ;
    %jmp T_11;
    .thread T_11, $push;
    .scope S_0x55f4b9ac2550;
T_12 ;
    %wait E_0x55f4b9ac28d0;
    %load/vec4 v0x55f4b9ac2c50_0;
    %dup/vec4;
    %pushi/vec4 0, 0, 2;
    %cmp/u;
    %jmp/1 T_12.0, 6;
    %dup/vec4;
    %pushi/vec4 1, 0, 2;
    %cmp/u;
    %jmp/1 T_12.1, 6;
    %dup/vec4;
    %pushi/vec4 2, 0, 2;
    %cmp/u;
    %jmp/1 T_12.2, 6;
    %dup/vec4;
    %pushi/vec4 3, 0, 2;
    %cmp/u;
    %jmp/1 T_12.3, 6;
    %pushi/vec4 0, 0, 5;
    %split/vec4 4;
    %assign/vec4 v0x55f4b9ac2d40_0, 0;
    %assign/vec4 v0x55f4b9ac2ec0_0, 0;
    %jmp T_12.5;
T_12.0 ;
    %load/vec4 v0x55f4b9ac2ec0_0;
    %load/vec4 v0x55f4b9ac2d40_0;
    %concat/vec4; draw_concat_vec4
    %split/vec4 4;
    %assign/vec4 v0x55f4b9ac2d40_0, 0;
    %assign/vec4 v0x55f4b9ac2ec0_0, 0;
    %jmp T_12.5;
T_12.1 ;
    %load/vec4 v0x55f4b9ac2930_0;
    %pad/u 5;
    %load/vec4 v0x55f4b9ac2a30_0;
    %pad/u 5;
    %add;
    %load/vec4 v0x55f4b9ac2e20_0;
    %pad/u 5;
    %add;
    %split/vec4 4;
    %assign/vec4 v0x55f4b9ac2d40_0, 0;
    %assign/vec4 v0x55f4b9ac2ec0_0, 0;
    %jmp T_12.5;
T_12.2 ;
    %load/vec4 v0x55f4b9ac2930_0;
    %pad/u 5;
    %load/vec4 v0x55f4b9ac2a30_0;
    %pad/u 5;
    %sub;
    %load/vec4 v0x55f4b9ac2e20_0;
    %pad/u 5;
    %add;
    %split/vec4 4;
    %assign/vec4 v0x55f4b9ac2d40_0, 0;
    %assign/vec4 v0x55f4b9ac2ec0_0, 0;
    %jmp T_12.5;
T_12.3 ;
    %pushi/vec4 0, 0, 5;
    %split/vec4 4;
    %assign/vec4 v0x55f4b9ac2d40_0, 0;
    %assign/vec4 v0x55f4b9ac2ec0_0, 0;
    %jmp T_12.5;
T_12.5 ;
    %pop/vec4 1;
    %jmp T_12;
    .thread T_12;
    .scope S_0x55f4b9ac2550;
T_13 ;
    %wait E_0x55f4b9ac2850;
    %load/vec4 v0x55f4b9ac2d40_0;
    %cmpi/e 15, 15, 4;
    %jmp/0xz  T_13.0, 6;
    %pushi/vec4 0, 0, 4;
    %store/vec4 v0x55f4b9ac2d40_0, 0, 4;
    %pushi/vec4 0, 0, 1;
    %store/vec4 v0x55f4b9ac2ec0_0, 0, 1;
    %jmp T_13.1;
T_13.0 ;
    %load/vec4 v0x55f4b9ac2d40_0;
    %store/vec4 v0x55f4b9ac2d40_0, 0, 4;
    %load/vec4 v0x55f4b9ac2ec0_0;
    %store/vec4 v0x55f4b9ac2ec0_0, 0, 1;
T_13.1 ;
    %jmp T_13;
    .thread T_13, $push;
    .scope S_0x55f4b9ac3b80;
T_14 ;
    %wait E_0x55f4b9ac3f00;
    %load/vec4 v0x55f4b9ac42b0_0;
    %dup/vec4;
    %pushi/vec4 0, 0, 2;
    %cmp/u;
    %jmp/1 T_14.0, 6;
    %dup/vec4;
    %pushi/vec4 1, 0, 2;
    %cmp/u;
    %jmp/1 T_14.1, 6;
    %dup/vec4;
    %pushi/vec4 2, 0, 2;
    %cmp/u;
    %jmp/1 T_14.2, 6;
    %dup/vec4;
    %pushi/vec4 3, 0, 2;
    %cmp/u;
    %jmp/1 T_14.3, 6;
    %pushi/vec4 0, 0, 5;
    %split/vec4 4;
    %assign/vec4 v0x55f4b9ac43a0_0, 0;
    %assign/vec4 v0x55f4b9ac4520_0, 0;
    %jmp T_14.5;
T_14.0 ;
    %load/vec4 v0x55f4b9ac4520_0;
    %load/vec4 v0x55f4b9ac43a0_0;
    %concat/vec4; draw_concat_vec4
    %split/vec4 4;
    %assign/vec4 v0x55f4b9ac43a0_0, 0;
    %assign/vec4 v0x55f4b9ac4520_0, 0;
    %jmp T_14.5;
T_14.1 ;
    %load/vec4 v0x55f4b9ac3f60_0;
    %pad/u 5;
    %load/vec4 v0x55f4b9ac4060_0;
    %pad/u 5;
    %add;
    %load/vec4 v0x55f4b9ac4480_0;
    %pad/u 5;
    %add;
    %split/vec4 4;
    %assign/vec4 v0x55f4b9ac43a0_0, 0;
    %assign/vec4 v0x55f4b9ac4520_0, 0;
    %jmp T_14.5;
T_14.2 ;
    %load/vec4 v0x55f4b9ac3f60_0;
    %pad/u 5;
    %load/vec4 v0x55f4b9ac4060_0;
    %pad/u 5;
    %sub;
    %load/vec4 v0x55f4b9ac4480_0;
    %pad/u 5;
    %add;
    %split/vec4 4;
    %assign/vec4 v0x55f4b9ac43a0_0, 0;
    %assign/vec4 v0x55f4b9ac4520_0, 0;
    %jmp T_14.5;
T_14.3 ;
    %pushi/vec4 0, 0, 5;
    %split/vec4 4;
    %assign/vec4 v0x55f4b9ac43a0_0, 0;
    %assign/vec4 v0x55f4b9ac4520_0, 0;
    %jmp T_14.5;
T_14.5 ;
    %pop/vec4 1;
    %jmp T_14;
    .thread T_14;
    .scope S_0x55f4b9ac3b80;
T_15 ;
    %wait E_0x55f4b9ac3e80;
    %load/vec4 v0x55f4b9ac43a0_0;
    %cmpi/e 15, 15, 4;
    %jmp/0xz  T_15.0, 6;
    %pushi/vec4 0, 0, 4;
    %store/vec4 v0x55f4b9ac43a0_0, 0, 4;
    %pushi/vec4 0, 0, 1;
    %store/vec4 v0x55f4b9ac4520_0, 0, 1;
    %jmp T_15.1;
T_15.0 ;
    %load/vec4 v0x55f4b9ac43a0_0;
    %store/vec4 v0x55f4b9ac43a0_0, 0, 4;
    %load/vec4 v0x55f4b9ac4520_0;
    %store/vec4 v0x55f4b9ac4520_0, 0, 1;
T_15.1 ;
    %jmp T_15;
    .thread T_15, $push;
    .scope S_0x55f4b9ac5ce0;
T_16 ;
    %delay 1, 0;
    %load/vec4 v0x55f4b9ac61e0_0;
    %nor/r;
    %store/vec4 v0x55f4b9ac61e0_0, 0, 1;
    %jmp T_16;
    .thread T_16;
    .scope S_0x55f4b9ac5ce0;
T_17 ;
    %delay 0, 0;
    %pushi/vec4 0, 0, 1;
    %store/vec4 v0x55f4b9ac61e0_0, 0, 1;
    %delay 0, 0;
    %pushi/vec4 0, 0, 1;
    %store/vec4 v0x55f4b9ac62b0_0, 0, 1;
    %delay 0, 0;
    %pushi/vec4 0, 0, 2;
    %store/vec4 v0x55f4b9ac6350_0, 0, 2;
    %delay 0, 0;
    %pushi/vec4 0, 0, 32;
    %store/vec4 v0x55f4b9ac60a0_0, 0, 32;
    %delay 0, 0;
    %pushi/vec4 0, 0, 32;
    %store/vec4 v0x55f4b9ac6140_0, 0, 32;
    %delay 0, 0;
    %pushi/vec4 0, 0, 1;
    %store/vec4 v0x55f4b9ac6510_0, 0, 1;
    %delay 5, 0;
    %pushi/vec4 1, 0, 1;
    %store/vec4 v0x55f4b9ac62b0_0, 0, 1;
    %delay 25, 0;
    %pushi/vec4 2, 0, 2;
    %store/vec4 v0x55f4b9ac6350_0, 0, 2;
    %delay 0, 0;
    %pushi/vec4 262144, 0, 32;
    %store/vec4 v0x55f4b9ac60a0_0, 0, 32;
    %delay 0, 0;
    %pushi/vec4 131072, 0, 32;
    %store/vec4 v0x55f4b9ac6140_0, 0, 32;
    %delay 25, 0;
    %pushi/vec4 1, 0, 2;
    %store/vec4 v0x55f4b9ac6350_0, 0, 2;
    %delay 0, 0;
    %pushi/vec4 67108864, 0, 32;
    %store/vec4 v0x55f4b9ac60a0_0, 0, 32;
    %delay 0, 0;
    %pushi/vec4 8192, 0, 32;
    %store/vec4 v0x55f4b9ac6140_0, 0, 32;
    %delay 25, 0;
    %pushi/vec4 0, 0, 2;
    %store/vec4 v0x55f4b9ac6350_0, 0, 2;
    %delay 0, 0;
    %pushi/vec4 1, 0, 32;
    %store/vec4 v0x55f4b9ac60a0_0, 0, 32;
    %delay 0, 0;
    %pushi/vec4 0, 0, 32;
    %store/vec4 v0x55f4b9ac6140_0, 0, 32;
    %delay 25, 0;
    %pushi/vec4 3, 0, 2;
    %store/vec4 v0x55f4b9ac6350_0, 0, 2;
    %delay 0, 0;
    %pushi/vec4 4042322160, 0, 32;
    %store/vec4 v0x55f4b9ac60a0_0, 0, 32;
    %delay 0, 0;
    %pushi/vec4 252645135, 0, 32;
    %store/vec4 v0x55f4b9ac6140_0, 0, 32;
    %delay 25, 0;
    %vpi_call 4 67 "$finish" {0 0 0};
    %end;
    .thread T_17;
    .scope S_0x55f4b9a2d4c0;
T_18 ;
    %vpi_call 2 20 "$dumpfile", "adder_output.vcd" {0 0 0};
    %vpi_call 2 21 "$dumpvars", 32'sb11111111111111111111111111111111 {0 0 0};
    %vpi_call 2 22 "$monitor", $time, " ", "CLK = %b    ENB = %b    MODO = %b    A = %b    B = %b    RCI = %b", v0x55f4b9ac6960_0, v0x55f4b9ac6a00_0, v0x55f4b9ac6aa0_0, v0x55f4b9ac6760_0, v0x55f4b9ac6850_0, v0x55f4b9ac6c80_0, " ", "\011Q = %b    RCO = %b", v0x55f4b9ac6b90_0, v0x55f4b9ac6d70_0 {0 0 0};
    %end;
    .thread T_18;
# The file index is used to find the file name in the following table.
:file_names 5;
    "N/A";
    "<interactive>";
    "testbench.v";
    "./adder.v";
    "./tester.v";
