#! /usr/bin/vvp
:ivl_version "11.0 (stable)" "(v11_0)";
:ivl_delay_selection "TYPICAL";
:vpi_time_precision + 0;
:vpi_module "/usr/lib/ivl/system.vpi";
:vpi_module "/usr/lib/ivl/vhdl_sys.vpi";
:vpi_module "/usr/lib/ivl/vhdl_textio.vpi";
:vpi_module "/usr/lib/ivl/v2005_math.vpi";
:vpi_module "/usr/lib/ivl/va_math.vpi";
S_0x55ea11e464c0 .scope module, "adder_tb" "adder_tb" 2 5;
 .timescale 0 0;
P_0x55ea11e874c0 .param/l "N" 0 2 8, +C4<00000000000000000000000000000001>;
v0x55ea11ebda00_0 .net "A", 3 0, v0x55ea11ebd1b0_0;  1 drivers
v0x55ea11ebdac0_0 .net "B", 3 0, v0x55ea11ebd2b0_0;  1 drivers
v0x55ea11ebdbd0_0 .net "CLK", 0 0, v0x55ea11ebd3b0_0;  1 drivers
v0x55ea11ebdc70_0 .net "ENB", 0 0, v0x55ea11ebd4d0_0;  1 drivers
v0x55ea11ebdd10_0 .net "MODO", 1 0, v0x55ea11ebd5c0_0;  1 drivers
v0x55ea11ebde00_0 .net "Q", 3 0, v0x55ea11ebbb10_0;  1 drivers
v0x55ea11ebdea0_0 .net "RCI", 0 0, v0x55ea11ebd7f0_0;  1 drivers
v0x55ea11ebdf90_0 .net "RCO", 0 0, L_0x55ea11ece780;  1 drivers
S_0x55ea11e46020 .scope module, "A0" "adder4bn" 2 30, 3 67 0, S_0x55ea11e464c0;
 .timescale 0 0;
    .port_info 0 /INPUT 1 "CLK";
    .port_info 1 /INPUT 1 "ENB";
    .port_info 2 /INPUT 2 "MODO";
    .port_info 3 /INPUT 1 "RCI";
    .port_info 4 /INPUT 4 "A";
    .port_info 5 /INPUT 4 "B";
    .port_info 6 /OUTPUT 4 "Q";
    .port_info 7 /OUTPUT 1 "RCO";
P_0x55ea11e7ddb0 .param/l "N" 0 3 68, +C4<00000000000000000000000000000001>;
L_0x55ea11e7cdb0 .functor BUFZ 1, v0x55ea11ebd7f0_0, C4<0>, C4<0>, C4<0>;
L_0x55ea11ece780 .functor BUFZ 1, v0x55ea11ebbcb0_0, C4<0>, C4<0>, C4<0>;
v0x55ea11ebc5f0_0 .net "A", 3 0, v0x55ea11ebd1b0_0;  alias, 1 drivers
v0x55ea11ebc6d0_0 .net "B", 3 0, v0x55ea11ebd2b0_0;  alias, 1 drivers
v0x55ea11ebc790_0 .net "CLK", 0 0, v0x55ea11ebd3b0_0;  alias, 1 drivers
v0x55ea11ebc830_0 .net "ENB", 0 0, v0x55ea11ebd4d0_0;  alias, 1 drivers
v0x55ea11ebc8d0_0 .net "MODO", 1 0, v0x55ea11ebd5c0_0;  alias, 1 drivers
v0x55ea11ebc970_0 .net "Q", 3 0, v0x55ea11ebbb10_0;  alias, 1 drivers
v0x55ea11ebca70_0 .net "RCI", 0 0, v0x55ea11ebd7f0_0;  alias, 1 drivers
v0x55ea11ebcb10_0 .net "RCO", 0 0, L_0x55ea11ece780;  alias, 1 drivers
v0x55ea11ebcbb0 .array "iRC", 0 1;
v0x55ea11ebcbb0_0 .net v0x55ea11ebcbb0 0, 0 0, L_0x55ea11e7cdb0; 1 drivers
v0x55ea11ebcbb0_1 .net v0x55ea11ebcbb0 1, 0 0, v0x55ea11ebbcb0_0; 1 drivers
L_0x55ea11ece5f0 .part v0x55ea11ebd1b0_0, 0, 4;
L_0x55ea11ece690 .part v0x55ea11ebd2b0_0, 0, 4;
S_0x55ea11e473a0 .scope generate, "genblk1[0]" "genblk1[0]" 3 95, 3 95 0, S_0x55ea11e46020;
 .timescale 0 0;
P_0x55ea11e9ce50 .param/l "i" 0 3 95, +C4<00>;
S_0x55ea11e82650 .scope module, "A0" "adder4b" 3 98, 3 2 0, S_0x55ea11e473a0;
 .timescale 0 0;
    .port_info 0 /INPUT 1 "CLK";
    .port_info 1 /INPUT 1 "ENB";
    .port_info 2 /INPUT 2 "MODO";
    .port_info 3 /INPUT 4 "A";
    .port_info 4 /INPUT 4 "B";
    .port_info 5 /INPUT 1 "RCI";
    .port_info 6 /OUTPUT 4 "Q";
    .port_info 7 /OUTPUT 1 "RCO";
L_0x55ea11e7c220 .functor AND 1, v0x55ea11ebd3b0_0, L_0x55ea11ece130, C4<1>, C4<1>;
v0x55ea11e9cef0_0 .net "A", 3 0, L_0x55ea11ece5f0;  1 drivers
v0x55ea11ebb7a0_0 .net "B", 3 0, L_0x55ea11ece690;  1 drivers
v0x55ea11ebb880_0 .net "CLK", 0 0, v0x55ea11ebd3b0_0;  alias, 1 drivers
v0x55ea11ebb920_0 .net "ENB", 0 0, v0x55ea11ebd4d0_0;  alias, 1 drivers
v0x55ea11ebb9e0_0 .net "MODO", 1 0, v0x55ea11ebd5c0_0;  alias, 1 drivers
v0x55ea11ebbb10_0 .var "Q", 3 0;
v0x55ea11ebbbf0_0 .net "RCI", 0 0, L_0x55ea11e7cdb0;  alias, 1 drivers
v0x55ea11ebbcb0_0 .var "RCO", 0 0;
v0x55ea11ebbd70_0 .net *"_ivl_1", 31 0, L_0x55ea11ebe080;  1 drivers
v0x55ea11ebbe50_0 .net *"_ivl_10", 0 0, L_0x55ea11e7c220;  1 drivers
v0x55ea11ebbf10_0 .net *"_ivl_13", 31 0, L_0x55ea11ece330;  1 drivers
L_0x7f8b1fc450a8 .functor BUFT 1, C4<0000000000000000000000000000000>, C4<0>, C4<0>, C4<0>;
v0x55ea11ebbff0_0 .net *"_ivl_16", 30 0, L_0x7f8b1fc450a8;  1 drivers
L_0x7f8b1fc450f0 .functor BUFT 1, C4<00000000000000000000000000000000>, C4<0>, C4<0>, C4<0>;
v0x55ea11ebc0d0_0 .net/2u *"_ivl_17", 31 0, L_0x7f8b1fc450f0;  1 drivers
v0x55ea11ebc1b0_0 .net *"_ivl_19", 0 0, L_0x55ea11ece450;  1 drivers
L_0x7f8b1fc45018 .functor BUFT 1, C4<0000000000000000000000000000000>, C4<0>, C4<0>, C4<0>;
v0x55ea11ebc270_0 .net *"_ivl_4", 30 0, L_0x7f8b1fc45018;  1 drivers
L_0x7f8b1fc45060 .functor BUFT 1, C4<00000000000000000000000000000001>, C4<0>, C4<0>, C4<0>;
v0x55ea11ebc350_0 .net/2u *"_ivl_5", 31 0, L_0x7f8b1fc45060;  1 drivers
v0x55ea11ebc430_0 .net *"_ivl_7", 0 0, L_0x55ea11ece130;  1 drivers
E_0x55ea11e7e190 .event edge, L_0x55ea11ece450;
E_0x55ea11e7ec90 .event posedge, L_0x55ea11e7c220;
L_0x55ea11ebe080 .concat [ 1 31 0 0], v0x55ea11ebd4d0_0, L_0x7f8b1fc45018;
L_0x55ea11ece130 .cmp/eq 32, L_0x55ea11ebe080, L_0x7f8b1fc45060;
L_0x55ea11ece330 .concat [ 1 31 0 0], v0x55ea11ebd4d0_0, L_0x7f8b1fc450a8;
L_0x55ea11ece450 .cmp/eq 32, L_0x55ea11ece330, L_0x7f8b1fc450f0;
S_0x55ea11ebcd50 .scope module, "P0" "tester" 2 42, 4 2 0, S_0x55ea11e464c0;
 .timescale 0 0;
    .port_info 0 /OUTPUT 1 "CLK";
    .port_info 1 /OUTPUT 1 "ENB";
    .port_info 2 /OUTPUT 2 "MODO";
    .port_info 3 /OUTPUT 4 "A";
    .port_info 4 /OUTPUT 4 "B";
    .port_info 5 /OUTPUT 1 "RCI";
    .port_info 6 /INPUT 4 "Q";
    .port_info 7 /INPUT 1 "RCO";
P_0x55ea11e745d0 .param/l "N" 0 4 3, +C4<00000000000000000000000000000001>;
P_0x55ea11e74610 .param/l "h_freq" 0 4 38, +C4<00000000000000000000000000000001>;
v0x55ea11ebd1b0_0 .var "A", 3 0;
v0x55ea11ebd2b0_0 .var "B", 3 0;
v0x55ea11ebd3b0_0 .var "CLK", 0 0;
v0x55ea11ebd4d0_0 .var "ENB", 0 0;
v0x55ea11ebd5c0_0 .var "MODO", 1 0;
v0x55ea11ebd700_0 .net "Q", 3 0, v0x55ea11ebbb10_0;  alias, 1 drivers
v0x55ea11ebd7f0_0 .var "RCI", 0 0;
v0x55ea11ebd890_0 .net "RCO", 0 0, L_0x55ea11ece780;  alias, 1 drivers
    .scope S_0x55ea11e82650;
T_0 ;
    %wait E_0x55ea11e7ec90;
    %load/vec4 v0x55ea11ebb9e0_0;
    %dup/vec4;
    %pushi/vec4 0, 0, 2;
    %cmp/u;
    %jmp/1 T_0.0, 6;
    %dup/vec4;
    %pushi/vec4 1, 0, 2;
    %cmp/u;
    %jmp/1 T_0.1, 6;
    %dup/vec4;
    %pushi/vec4 2, 0, 2;
    %cmp/u;
    %jmp/1 T_0.2, 6;
    %dup/vec4;
    %pushi/vec4 3, 0, 2;
    %cmp/u;
    %jmp/1 T_0.3, 6;
    %pushi/vec4 0, 0, 5;
    %split/vec4 4;
    %assign/vec4 v0x55ea11ebbb10_0, 0;
    %assign/vec4 v0x55ea11ebbcb0_0, 0;
    %jmp T_0.5;
T_0.0 ;
    %load/vec4 v0x55ea11ebbcb0_0;
    %load/vec4 v0x55ea11ebbb10_0;
    %concat/vec4; draw_concat_vec4
    %split/vec4 4;
    %assign/vec4 v0x55ea11ebbb10_0, 0;
    %assign/vec4 v0x55ea11ebbcb0_0, 0;
    %jmp T_0.5;
T_0.1 ;
    %load/vec4 v0x55ea11e9cef0_0;
    %pad/u 5;
    %load/vec4 v0x55ea11ebb7a0_0;
    %pad/u 5;
    %add;
    %load/vec4 v0x55ea11ebbbf0_0;
    %pad/u 5;
    %add;
    %split/vec4 4;
    %assign/vec4 v0x55ea11ebbb10_0, 0;
    %assign/vec4 v0x55ea11ebbcb0_0, 0;
    %jmp T_0.5;
T_0.2 ;
    %load/vec4 v0x55ea11e9cef0_0;
    %pad/u 5;
    %load/vec4 v0x55ea11ebb7a0_0;
    %pad/u 5;
    %sub;
    %load/vec4 v0x55ea11ebbbf0_0;
    %pad/u 5;
    %add;
    %split/vec4 4;
    %assign/vec4 v0x55ea11ebbb10_0, 0;
    %assign/vec4 v0x55ea11ebbcb0_0, 0;
    %jmp T_0.5;
T_0.3 ;
    %pushi/vec4 0, 0, 5;
    %split/vec4 4;
    %assign/vec4 v0x55ea11ebbb10_0, 0;
    %assign/vec4 v0x55ea11ebbcb0_0, 0;
    %jmp T_0.5;
T_0.5 ;
    %pop/vec4 1;
    %jmp T_0;
    .thread T_0;
    .scope S_0x55ea11e82650;
T_1 ;
    %wait E_0x55ea11e7e190;
    %load/vec4 v0x55ea11ebbb10_0;
    %cmpi/e 15, 15, 4;
    %jmp/0xz  T_1.0, 6;
    %pushi/vec4 0, 0, 4;
    %store/vec4 v0x55ea11ebbb10_0, 0, 4;
    %pushi/vec4 0, 0, 1;
    %store/vec4 v0x55ea11ebbcb0_0, 0, 1;
    %jmp T_1.1;
T_1.0 ;
    %load/vec4 v0x55ea11ebbb10_0;
    %store/vec4 v0x55ea11ebbb10_0, 0, 4;
    %load/vec4 v0x55ea11ebbcb0_0;
    %store/vec4 v0x55ea11ebbcb0_0, 0, 1;
T_1.1 ;
    %jmp T_1;
    .thread T_1, $push;
    .scope S_0x55ea11ebcd50;
T_2 ;
    %delay 1, 0;
    %load/vec4 v0x55ea11ebd3b0_0;
    %nor/r;
    %store/vec4 v0x55ea11ebd3b0_0, 0, 1;
    %jmp T_2;
    .thread T_2;
    .scope S_0x55ea11ebcd50;
T_3 ;
    %delay 0, 0;
    %pushi/vec4 0, 0, 1;
    %store/vec4 v0x55ea11ebd3b0_0, 0, 1;
    %pushi/vec4 0, 0, 1;
    %store/vec4 v0x55ea11ebd4d0_0, 0, 1;
    %pushi/vec4 0, 0, 2;
    %store/vec4 v0x55ea11ebd5c0_0, 0, 2;
    %pushi/vec4 0, 0, 4;
    %store/vec4 v0x55ea11ebd1b0_0, 0, 4;
    %pushi/vec4 0, 0, 4;
    %store/vec4 v0x55ea11ebd2b0_0, 0, 4;
    %pushi/vec4 0, 0, 1;
    %store/vec4 v0x55ea11ebd7f0_0, 0, 1;
    %delay 5, 0;
    %pushi/vec4 1, 0, 1;
    %store/vec4 v0x55ea11ebd4d0_0, 0, 1;
    %pushi/vec4 3, 0, 2;
    %store/vec4 v0x55ea11ebd5c0_0, 0, 2;
    %delay 10, 0;
    %pushi/vec4 2, 0, 2;
    %store/vec4 v0x55ea11ebd5c0_0, 0, 2;
    %pushi/vec4 6, 0, 4;
    %store/vec4 v0x55ea11ebd1b0_0, 0, 4;
    %pushi/vec4 2, 0, 4;
    %store/vec4 v0x55ea11ebd2b0_0, 0, 4;
    %delay 10, 0;
    %pushi/vec4 5, 0, 4;
    %store/vec4 v0x55ea11ebd1b0_0, 0, 4;
    %pushi/vec4 5, 0, 4;
    %store/vec4 v0x55ea11ebd2b0_0, 0, 4;
    %delay 10, 0;
    %pushi/vec4 2, 0, 4;
    %store/vec4 v0x55ea11ebd1b0_0, 0, 4;
    %pushi/vec4 8, 0, 4;
    %store/vec4 v0x55ea11ebd2b0_0, 0, 4;
    %delay 10, 0;
    %pushi/vec4 3, 0, 2;
    %store/vec4 v0x55ea11ebd5c0_0, 0, 2;
    %delay 10, 0;
    %pushi/vec4 1, 0, 2;
    %store/vec4 v0x55ea11ebd5c0_0, 0, 2;
    %pushi/vec4 6, 0, 4;
    %store/vec4 v0x55ea11ebd1b0_0, 0, 4;
    %pushi/vec4 5, 0, 4;
    %store/vec4 v0x55ea11ebd2b0_0, 0, 4;
    %delay 10, 0;
    %pushi/vec4 8, 0, 4;
    %store/vec4 v0x55ea11ebd1b0_0, 0, 4;
    %pushi/vec4 4, 0, 4;
    %store/vec4 v0x55ea11ebd2b0_0, 0, 4;
    %delay 10, 0;
    %pushi/vec4 15, 0, 4;
    %store/vec4 v0x55ea11ebd1b0_0, 0, 4;
    %pushi/vec4 1, 0, 4;
    %store/vec4 v0x55ea11ebd2b0_0, 0, 4;
    %delay 10, 0;
    %pushi/vec4 0, 0, 2;
    %store/vec4 v0x55ea11ebd5c0_0, 0, 2;
    %pushi/vec4 5, 0, 4;
    %store/vec4 v0x55ea11ebd1b0_0, 0, 4;
    %pushi/vec4 2, 0, 4;
    %store/vec4 v0x55ea11ebd2b0_0, 0, 4;
    %delay 10, 0;
    %pushi/vec4 3, 0, 2;
    %store/vec4 v0x55ea11ebd5c0_0, 0, 2;
    %pushi/vec4 15, 0, 4;
    %store/vec4 v0x55ea11ebd1b0_0, 0, 4;
    %pushi/vec4 0, 0, 4;
    %store/vec4 v0x55ea11ebd2b0_0, 0, 4;
    %delay 10, 0;
    %pushi/vec4 1, 0, 1;
    %store/vec4 v0x55ea11ebd7f0_0, 0, 1;
    %delay 10, 0;
    %pushi/vec4 3, 0, 2;
    %store/vec4 v0x55ea11ebd5c0_0, 0, 2;
    %delay 10, 0;
    %pushi/vec4 2, 0, 2;
    %store/vec4 v0x55ea11ebd5c0_0, 0, 2;
    %pushi/vec4 6, 0, 4;
    %store/vec4 v0x55ea11ebd1b0_0, 0, 4;
    %pushi/vec4 2, 0, 4;
    %store/vec4 v0x55ea11ebd2b0_0, 0, 4;
    %delay 10, 0;
    %pushi/vec4 5, 0, 4;
    %store/vec4 v0x55ea11ebd1b0_0, 0, 4;
    %pushi/vec4 5, 0, 4;
    %store/vec4 v0x55ea11ebd2b0_0, 0, 4;
    %delay 10, 0;
    %pushi/vec4 2, 0, 4;
    %store/vec4 v0x55ea11ebd1b0_0, 0, 4;
    %pushi/vec4 8, 0, 4;
    %store/vec4 v0x55ea11ebd2b0_0, 0, 4;
    %delay 10, 0;
    %pushi/vec4 3, 0, 2;
    %store/vec4 v0x55ea11ebd5c0_0, 0, 2;
    %delay 10, 0;
    %pushi/vec4 1, 0, 2;
    %store/vec4 v0x55ea11ebd5c0_0, 0, 2;
    %pushi/vec4 6, 0, 4;
    %store/vec4 v0x55ea11ebd1b0_0, 0, 4;
    %pushi/vec4 5, 0, 4;
    %store/vec4 v0x55ea11ebd2b0_0, 0, 4;
    %delay 10, 0;
    %pushi/vec4 8, 0, 4;
    %store/vec4 v0x55ea11ebd1b0_0, 0, 4;
    %pushi/vec4 4, 0, 4;
    %store/vec4 v0x55ea11ebd2b0_0, 0, 4;
    %delay 10, 0;
    %pushi/vec4 15, 0, 4;
    %store/vec4 v0x55ea11ebd1b0_0, 0, 4;
    %pushi/vec4 1, 0, 4;
    %store/vec4 v0x55ea11ebd2b0_0, 0, 4;
    %delay 10, 0;
    %pushi/vec4 0, 0, 2;
    %store/vec4 v0x55ea11ebd5c0_0, 0, 2;
    %pushi/vec4 5, 0, 4;
    %store/vec4 v0x55ea11ebd1b0_0, 0, 4;
    %pushi/vec4 2, 0, 4;
    %store/vec4 v0x55ea11ebd2b0_0, 0, 4;
    %delay 10, 0;
    %pushi/vec4 1, 0, 2;
    %store/vec4 v0x55ea11ebd5c0_0, 0, 2;
    %pushi/vec4 15, 0, 4;
    %store/vec4 v0x55ea11ebd1b0_0, 0, 4;
    %pushi/vec4 0, 0, 4;
    %store/vec4 v0x55ea11ebd2b0_0, 0, 4;
    %delay 10, 0;
    %pushi/vec4 0, 0, 1;
    %store/vec4 v0x55ea11ebd4d0_0, 0, 1;
    %pushi/vec4 0, 0, 1;
    %store/vec4 v0x55ea11ebd7f0_0, 0, 1;
    %delay 10, 0;
    %pushi/vec4 3, 0, 2;
    %store/vec4 v0x55ea11ebd5c0_0, 0, 2;
    %pushi/vec4 2, 0, 2;
    %store/vec4 v0x55ea11ebd5c0_0, 0, 2;
    %pushi/vec4 6, 0, 4;
    %store/vec4 v0x55ea11ebd1b0_0, 0, 4;
    %pushi/vec4 2, 0, 4;
    %store/vec4 v0x55ea11ebd2b0_0, 0, 4;
    %delay 10, 0;
    %pushi/vec4 5, 0, 4;
    %store/vec4 v0x55ea11ebd1b0_0, 0, 4;
    %pushi/vec4 5, 0, 4;
    %store/vec4 v0x55ea11ebd2b0_0, 0, 4;
    %delay 10, 0;
    %pushi/vec4 2, 0, 4;
    %store/vec4 v0x55ea11ebd1b0_0, 0, 4;
    %pushi/vec4 8, 0, 4;
    %store/vec4 v0x55ea11ebd2b0_0, 0, 4;
    %delay 10, 0;
    %pushi/vec4 3, 0, 2;
    %store/vec4 v0x55ea11ebd5c0_0, 0, 2;
    %delay 10, 0;
    %pushi/vec4 1, 0, 2;
    %store/vec4 v0x55ea11ebd5c0_0, 0, 2;
    %pushi/vec4 6, 0, 4;
    %store/vec4 v0x55ea11ebd1b0_0, 0, 4;
    %pushi/vec4 5, 0, 4;
    %store/vec4 v0x55ea11ebd2b0_0, 0, 4;
    %delay 10, 0;
    %pushi/vec4 8, 0, 4;
    %store/vec4 v0x55ea11ebd1b0_0, 0, 4;
    %pushi/vec4 4, 0, 4;
    %store/vec4 v0x55ea11ebd2b0_0, 0, 4;
    %delay 10, 0;
    %pushi/vec4 15, 0, 4;
    %store/vec4 v0x55ea11ebd1b0_0, 0, 4;
    %pushi/vec4 1, 0, 4;
    %store/vec4 v0x55ea11ebd2b0_0, 0, 4;
    %delay 10, 0;
    %pushi/vec4 0, 0, 2;
    %store/vec4 v0x55ea11ebd5c0_0, 0, 2;
    %pushi/vec4 5, 0, 4;
    %store/vec4 v0x55ea11ebd1b0_0, 0, 4;
    %pushi/vec4 2, 0, 4;
    %store/vec4 v0x55ea11ebd2b0_0, 0, 4;
    %delay 10, 0;
    %pushi/vec4 3, 0, 2;
    %store/vec4 v0x55ea11ebd5c0_0, 0, 2;
    %pushi/vec4 15, 0, 4;
    %store/vec4 v0x55ea11ebd1b0_0, 0, 4;
    %pushi/vec4 0, 0, 4;
    %store/vec4 v0x55ea11ebd2b0_0, 0, 4;
    %delay 10, 0;
    %pushi/vec4 1, 0, 1;
    %store/vec4 v0x55ea11ebd7f0_0, 0, 1;
    %delay 10, 0;
    %pushi/vec4 3, 0, 2;
    %store/vec4 v0x55ea11ebd5c0_0, 0, 2;
    %delay 10, 0;
    %pushi/vec4 2, 0, 2;
    %store/vec4 v0x55ea11ebd5c0_0, 0, 2;
    %pushi/vec4 6, 0, 4;
    %store/vec4 v0x55ea11ebd1b0_0, 0, 4;
    %pushi/vec4 2, 0, 4;
    %store/vec4 v0x55ea11ebd2b0_0, 0, 4;
    %delay 10, 0;
    %pushi/vec4 5, 0, 4;
    %store/vec4 v0x55ea11ebd1b0_0, 0, 4;
    %pushi/vec4 5, 0, 4;
    %store/vec4 v0x55ea11ebd2b0_0, 0, 4;
    %delay 10, 0;
    %pushi/vec4 2, 0, 4;
    %store/vec4 v0x55ea11ebd1b0_0, 0, 4;
    %pushi/vec4 8, 0, 4;
    %store/vec4 v0x55ea11ebd2b0_0, 0, 4;
    %delay 10, 0;
    %pushi/vec4 3, 0, 2;
    %store/vec4 v0x55ea11ebd5c0_0, 0, 2;
    %delay 10, 0;
    %pushi/vec4 1, 0, 2;
    %store/vec4 v0x55ea11ebd5c0_0, 0, 2;
    %pushi/vec4 6, 0, 4;
    %store/vec4 v0x55ea11ebd1b0_0, 0, 4;
    %pushi/vec4 5, 0, 4;
    %store/vec4 v0x55ea11ebd2b0_0, 0, 4;
    %delay 10, 0;
    %pushi/vec4 8, 0, 4;
    %store/vec4 v0x55ea11ebd1b0_0, 0, 4;
    %pushi/vec4 4, 0, 4;
    %store/vec4 v0x55ea11ebd2b0_0, 0, 4;
    %delay 10, 0;
    %pushi/vec4 15, 0, 4;
    %store/vec4 v0x55ea11ebd1b0_0, 0, 4;
    %pushi/vec4 1, 0, 4;
    %store/vec4 v0x55ea11ebd2b0_0, 0, 4;
    %delay 10, 0;
    %pushi/vec4 0, 0, 2;
    %store/vec4 v0x55ea11ebd5c0_0, 0, 2;
    %pushi/vec4 5, 0, 4;
    %store/vec4 v0x55ea11ebd1b0_0, 0, 4;
    %pushi/vec4 2, 0, 4;
    %store/vec4 v0x55ea11ebd2b0_0, 0, 4;
    %delay 10, 0;
    %pushi/vec4 3, 0, 2;
    %store/vec4 v0x55ea11ebd5c0_0, 0, 2;
    %pushi/vec4 15, 0, 4;
    %store/vec4 v0x55ea11ebd1b0_0, 0, 4;
    %pushi/vec4 0, 0, 4;
    %store/vec4 v0x55ea11ebd2b0_0, 0, 4;
    %delay 10, 0;
    %vpi_call 4 147 "$finish" {0 0 0};
    %end;
    .thread T_3;
    .scope S_0x55ea11e464c0;
T_4 ;
    %vpi_call 2 20 "$dumpfile", "adder_output.vcd" {0 0 0};
    %vpi_call 2 21 "$dumpvars", 32'sb11111111111111111111111111111111 {0 0 0};
    %vpi_call 2 22 "$monitor", $time, " ", "CLK = %b    ENB = %b    MODO = %b    A = %b    B = %b    RCI = %b", v0x55ea11ebdbd0_0, v0x55ea11ebdc70_0, v0x55ea11ebdd10_0, v0x55ea11ebda00_0, v0x55ea11ebdac0_0, v0x55ea11ebdea0_0, " ", "\011Q = %b    RCO = %b", v0x55ea11ebde00_0, v0x55ea11ebdf90_0 {0 0 0};
    %end;
    .thread T_4;
# The file index is used to find the file name in the following table.
:file_names 5;
    "N/A";
    "<interactive>";
    "testbench.v";
    "./adder.v";
    "./tester.v";
